{"/Users/mac/Desktop/FT/law-oa-go/frontend/src/api/case.ts": {"path":"/Users/mac/Desktop/FT/law-oa-go/frontend/src/api/case.ts","statementMap":{"0":{"start":{"line":7,"column":27},"end":{"line":7,"column":50}},"1":{"start":{"line":8,"column":26},"end":{"line":8,"column":45}},"2":{"start":{"line":9,"column":26},"end":{"line":9,"column":48}},"3":{"start":{"line":10,"column":26},"end":{"line":10,"column":48}},"4":{"start":{"line":11,"column":28},"end":{"line":11,"column":52}},"5":{"start":{"line":12,"column":28},"end":{"line":12,"column":52}},"6":{"start":{"line":13,"column":28},"end":{"line":13,"column":52}},"7":{"start":{"line":14,"column":23},"end":{"line":14,"column":42}}},"fnMap":{},"branchMap":{},"s":{"0":0,"1":0,"2":0,"3":0,"4":0,"5":0,"6":0,"7":0},"f":{},"b":{}}
,"/Users/mac/Desktop/FT/law-oa-go/frontend/src/api/department.ts": {"path":"/Users/mac/Desktop/FT/law-oa-go/frontend/src/api/department.ts","statementMap":{"0":{"start":{"line":7,"column":30},"end":{"line":7,"column":65}},"1":{"start":{"line":8,"column":29},"end":{"line":8,"column":60}},"2":{"start":{"line":9,"column":32},"end":{"line":9,"column":63}},"3":{"start":{"line":10,"column":32},"end":{"line":10,"column":66}},"4":{"start":{"line":11,"column":32},"end":{"line":11,"column":66}}},"fnMap":{},"branchMap":{},"s":{"0":0,"1":0,"2":0,"3":0,"4":0},"f":{},"b":{}}
,"/Users/mac/Desktop/FT/law-oa-go/frontend/src/api/role.ts": {"path":"/Users/mac/Desktop/FT/law-oa-go/frontend/src/api/role.ts","statementMap":{"0":{"start":{"line":7,"column":24},"end":{"line":7,"column":47}},"1":{"start":{"line":8,"column":23},"end":{"line":8,"column":46}},"2":{"start":{"line":9,"column":26},"end":{"line":9,"column":48}},"3":{"start":{"line":10,"column":26},"end":{"line":10,"column":48}},"4":{"start":{"line":11,"column":26},"end":{"line":11,"column":48}}},"fnMap":{},"branchMap":{},"s":{"0":0,"1":0,"2":0,"3":0,"4":0},"f":{},"b":{}}
,"/Users/mac/Desktop/FT/law-oa-go/frontend/src/hooks/useAuth.ts": {"path":"/Users/mac/Desktop/FT/law-oa-go/frontend/src/hooks/useAuth.ts","statementMap":{"0":{"start":{"line":8,"column":23},"end":{"line":16,"column":1}},"1":{"start":{"line":9,"column":18},"end":{"line":9,"column":41}},"2":{"start":{"line":11,"column":2},"end":{"line":13,"column":3}},"3":{"start":{"line":12,"column":4},"end":{"line":12,"column":67}},"4":{"start":{"line":15,"column":2},"end":{"line":15,"column":17}}},"fnMap":{"0":{"name":"(anonymous_0)","decl":{"start":{"line":8,"column":23},"end":{"line":8,"column":24}},"loc":{"start":{"line":8,"column":29},"end":{"line":16,"column":1}},"line":8}},"branchMap":{"0":{"loc":{"start":{"line":11,"column":2},"end":{"line":13,"column":3}},"type":"if","locations":[{"start":{"line":11,"column":2},"end":{"line":13,"column":3}},{"start":{},"end":{}}],"line":11}},"s":{"0":0,"1":0,"2":0,"3":0,"4":0},"f":{"0":0},"b":{"0":[0,0]}}
}
