TN:
SF:src/api/case.ts
FNF:0
FNH:0
DA:7,0
DA:8,0
DA:9,0
DA:10,0
DA:11,0
DA:12,0
DA:13,0
DA:14,0
LF:8
LH:0
BRF:0
BRH:0
end_of_record
TN:
SF:src/api/department.ts
FNF:0
FNH:0
DA:7,0
DA:8,0
DA:9,0
DA:10,0
DA:11,0
LF:5
LH:0
BRF:0
BRH:0
end_of_record
TN:
SF:src/api/role.ts
FNF:0
FNH:0
DA:7,0
DA:8,0
DA:9,0
DA:10,0
DA:11,0
LF:5
LH:0
BRF:0
BRH:0
end_of_record
TN:
SF:src/hooks/useAuth.ts
FN:8,(anonymous_0)
FNF:1
FNH:0
FNDA:0,(anonymous_0)
DA:8,0
DA:9,0
DA:11,0
DA:12,0
DA:15,0
LF:5
LH:0
BRDA:11,0,0,0
BRDA:11,0,1,0
BRF:2
BRH:0
end_of_record
