TN:
SF:src/App.tsx
FN:87,(anonymous_10)
FN:91,(anonymous_11)
FN:192,(anonymous_12)
FN:198,(anonymous_13)
FNF:4
FNH:0
FNDA:0,(anonymous_10)
FNDA:0,(anonymous_11)
FNDA:0,(anonymous_12)
FNDA:0,(anonymous_13)
DA:6,0
DA:7,0
DA:8,0
DA:9,0
DA:12,0
DA:13,0
DA:14,0
DA:17,0
DA:18,0
DA:25,0
DA:28,0
DA:29,0
DA:30,0
DA:33,0
DA:34,0
DA:35,0
DA:38,0
DA:39,0
DA:40,0
DA:41,0
DA:42,0
DA:43,0
DA:44,0
DA:45,0
DA:48,0
DA:51,0
DA:54,0
DA:57,0
DA:58,0
DA:59,0
DA:60,0
DA:61,0
DA:64,0
DA:67,0
DA:68,0
DA:69,0
DA:72,0
DA:75,0
DA:76,0
DA:77,0
DA:78,0
DA:79,0
DA:80,0
DA:87,0
DA:88,0
DA:91,0
DA:92,0
DA:93,0
DA:97,0
DA:192,0
DA:193,0
DA:194,0
DA:197,0
DA:198,0
DA:217,0
DA:218,0
DA:225,0
DA:238,0
LF:58
LH:0
BRDA:92,0,0,0
BRDA:92,0,1,0
BRDA:109,1,0,0
BRDA:109,1,1,0
BRDA:113,2,0,0
BRDA:113,2,1,0
BRDA:119,3,0,0
BRDA:119,3,1,0
BRDA:161,4,0,0
BRDA:161,4,1,0
BRDA:167,5,0,0
BRDA:167,5,1,0
BRDA:179,6,0,0
BRDA:179,6,1,0
BRDA:217,7,0,0
BRDA:217,7,1,0
BRF:16
BRH:0
end_of_record
TN:
SF:src/AppOptimized.tsx
FN:10,(anonymous_10)
FN:10,(anonymous_11)
FN:11,(anonymous_12)
FN:11,(anonymous_13)
FN:14,(anonymous_14)
FN:14,(anonymous_15)
FN:15,(anonymous_16)
FN:15,(anonymous_17)
FN:16,(anonymous_18)
FN:16,(anonymous_19)
FN:19,(anonymous_20)
FN:19,(anonymous_21)
FN:20,(anonymous_22)
FN:20,(anonymous_23)
FN:21,(anonymous_24)
FN:21,(anonymous_25)
FN:22,(anonymous_26)
FN:22,(anonymous_27)
FN:23,(anonymous_28)
FN:23,(anonymous_29)
FN:24,(anonymous_30)
FN:24,(anonymous_31)
FN:25,(anonymous_32)
FN:25,(anonymous_33)
FN:28,(anonymous_34)
FN:28,(anonymous_35)
FN:31,(anonymous_36)
FN:31,(anonymous_37)
FN:32,(anonymous_38)
FN:32,(anonymous_39)
FN:33,(anonymous_40)
FN:33,(anonymous_41)
FN:34,(anonymous_42)
FN:34,(anonymous_43)
FN:35,(anonymous_44)
FN:35,(anonymous_45)
FN:38,(anonymous_46)
FN:38,(anonymous_47)
FN:41,(anonymous_48)
FN:41,(anonymous_49)
FN:47,(anonymous_50)
FN:61,(anonymous_51)
FNF:42
FNH:0
FNDA:0,(anonymous_10)
FNDA:0,(anonymous_11)
FNDA:0,(anonymous_12)
FNDA:0,(anonymous_13)
FNDA:0,(anonymous_14)
FNDA:0,(anonymous_15)
FNDA:0,(anonymous_16)
FNDA:0,(anonymous_17)
FNDA:0,(anonymous_18)
FNDA:0,(anonymous_19)
FNDA:0,(anonymous_20)
FNDA:0,(anonymous_21)
FNDA:0,(anonymous_22)
FNDA:0,(anonymous_23)
FNDA:0,(anonymous_24)
FNDA:0,(anonymous_25)
FNDA:0,(anonymous_26)
FNDA:0,(anonymous_27)
FNDA:0,(anonymous_28)
FNDA:0,(anonymous_29)
FNDA:0,(anonymous_30)
FNDA:0,(anonymous_31)
FNDA:0,(anonymous_32)
FNDA:0,(anonymous_33)
FNDA:0,(anonymous_34)
FNDA:0,(anonymous_35)
FNDA:0,(anonymous_36)
FNDA:0,(anonymous_37)
FNDA:0,(anonymous_38)
FNDA:0,(anonymous_39)
FNDA:0,(anonymous_40)
FNDA:0,(anonymous_41)
FNDA:0,(anonymous_42)
FNDA:0,(anonymous_43)
FNDA:0,(anonymous_44)
FNDA:0,(anonymous_45)
FNDA:0,(anonymous_46)
FNDA:0,(anonymous_47)
FNDA:0,(anonymous_48)
FNDA:0,(anonymous_49)
FNDA:0,(anonymous_50)
FNDA:0,(anonymous_51)
DA:1,0
DA:2,0
DA:3,0
DA:4,0
DA:7,0
DA:10,0
DA:11,0
DA:14,0
DA:15,0
DA:16,0
DA:19,0
DA:20,0
DA:21,0
DA:22,0
DA:23,0
DA:24,0
DA:25,0
DA:28,0
DA:31,0
DA:32,0
DA:33,0
DA:34,0
DA:35,0
DA:38,0
DA:41,0
DA:44,0
DA:47,0
DA:48,0
DA:61,0
DA:62,0
DA:114,0
LF:31
LH:0
BRF:0
BRH:0
end_of_record
TN:
SF:src/index.tsx
FNF:0
FNH:0
DA:1,0
DA:2,0
DA:3,0
DA:4,0
DA:5,0
DA:6,0
DA:7,0
DA:8,0
DA:10,0
LF:9
LH:0
BRF:0
BRH:0
end_of_record
TN:
SF:src/api/auth.ts
FN:40,(anonymous_0)
FN:48,(anonymous_1)
FN:56,(anonymous_2)
FN:65,(anonymous_3)
FN:77,(anonymous_4)
FN:86,(anonymous_5)
FNF:6
FNH:0
FNDA:0,(anonymous_0)
FNDA:0,(anonymous_1)
FNDA:0,(anonymous_2)
FNDA:0,(anonymous_3)
FNDA:0,(anonymous_4)
FNDA:0,(anonymous_5)
DA:1,0
DA:40,0
DA:41,0
DA:48,0
DA:49,0
DA:56,0
DA:57,0
DA:65,0
DA:69,0
DA:77,0
DA:78,0
DA:86,0
DA:87,0
DA:88,0
DA:89,0
LF:15
LH:0
BRF:0
BRH:0
end_of_record
TN:
SF:src/api/case.ts
FN:4,(anonymous_0)
FNF:1
FNH:0
FNDA:0,(anonymous_0)
DA:2,0
DA:4,0
DA:7,0
DA:8,0
DA:9,0
DA:10,0
DA:11,0
DA:12,0
DA:13,0
DA:14,0
LF:10
LH:0
BRF:0
BRH:0
end_of_record
TN:
SF:src/api/conflict.ts
FN:65,(anonymous_0)
FN:167,(anonymous_1)
FN:171,(anonymous_2)
FN:174,(anonymous_3)
FN:177,(anonymous_4)
FNF:5
FNH:0
FNDA:0,(anonymous_0)
FNDA:0,(anonymous_1)
FNDA:0,(anonymous_2)
FNDA:0,(anonymous_3)
FNDA:0,(anonymous_4)
DA:1,0
DA:2,0
DA:63,0
DA:66,0
DA:68,0
DA:79,0
DA:80,0
DA:83,0
DA:95,0
DA:96,0
DA:97,0
DA:98,0
DA:100,0
DA:103,0
DA:104,0
DA:111,0
DA:113,0
DA:114,0
DA:115,0
DA:117,0
DA:120,0
DA:123,0
DA:124,0
DA:125,0
DA:128,0
DA:130,0
DA:133,0
DA:168,0
DA:171,0
DA:174,0
DA:177,0
LF:31
LH:0
BRDA:69,0,0,0
BRDA:69,0,1,0
BRDA:70,1,0,0
BRDA:70,1,1,0
BRDA:71,2,0,0
BRDA:71,2,1,0
BRDA:73,3,0,0
BRDA:73,3,1,0
BRDA:74,4,0,0
BRDA:74,4,1,0
BRDA:75,5,0,0
BRDA:75,5,1,0
BRDA:85,6,0,0
BRDA:85,6,1,0
BRDA:87,7,0,0
BRDA:87,7,1,0
BRDA:88,8,0,0
BRDA:88,8,1,0
BRDA:89,9,0,0
BRDA:89,9,1,0
BRDA:90,10,0,0
BRDA:90,10,1,0
BRDA:103,11,0,0
BRDA:103,11,1,0
BRDA:111,12,0,0
BRDA:111,12,1,0
BRDA:111,13,0,0
BRDA:111,13,1,0
BRDA:113,14,0,0
BRDA:113,14,1,0
BRDA:115,15,0,0
BRDA:115,15,1,0
BRDA:123,16,0,0
BRDA:123,16,1,0
BRDA:125,17,0,0
BRDA:125,17,1,0
BRDA:140,18,0,0
BRDA:140,18,1,0
BRDA:142,19,0,0
BRDA:142,19,1,0
BRDA:143,20,0,0
BRDA:143,20,1,0
BRDA:167,21,0,0
BRF:43
BRH:0
end_of_record
TN:
SF:src/api/department.ts
FN:4,(anonymous_0)
FNF:1
FNH:0
FNDA:0,(anonymous_0)
DA:2,0
DA:4,0
DA:7,0
DA:8,0
DA:9,0
DA:10,0
DA:11,0
LF:7
LH:0
BRF:0
BRH:0
end_of_record
TN:
SF:src/api/enhancedCase.ts
FN:6,(anonymous_10)
FN:7,(anonymous_11)
FN:7,(anonymous_12)
FN:10,(anonymous_13)
FN:11,(anonymous_14)
FN:11,(anonymous_15)
FN:14,(anonymous_16)
FN:15,(anonymous_17)
FN:15,(anonymous_18)
FN:18,(anonymous_19)
FN:19,(anonymous_20)
FN:19,(anonymous_21)
FN:22,(anonymous_22)
FN:23,(anonymous_23)
FN:23,(anonymous_24)
FN:26,(anonymous_25)
FN:27,(anonymous_26)
FN:27,(anonymous_27)
FN:30,(anonymous_28)
FN:31,(anonymous_29)
FN:31,(anonymous_30)
FN:34,(anonymous_31)
FN:35,(anonymous_32)
FN:35,(anonymous_33)
FNF:24
FNH:0
FNDA:0,(anonymous_10)
FNDA:0,(anonymous_11)
FNDA:0,(anonymous_12)
FNDA:0,(anonymous_13)
FNDA:0,(anonymous_14)
FNDA:0,(anonymous_15)
FNDA:0,(anonymous_16)
FNDA:0,(anonymous_17)
FNDA:0,(anonymous_18)
FNDA:0,(anonymous_19)
FNDA:0,(anonymous_20)
FNDA:0,(anonymous_21)
FNDA:0,(anonymous_22)
FNDA:0,(anonymous_23)
FNDA:0,(anonymous_24)
FNDA:0,(anonymous_25)
FNDA:0,(anonymous_26)
FNDA:0,(anonymous_27)
FNDA:0,(anonymous_28)
FNDA:0,(anonymous_29)
FNDA:0,(anonymous_30)
FNDA:0,(anonymous_31)
FNDA:0,(anonymous_32)
FNDA:0,(anonymous_33)
DA:2,0
DA:5,0
DA:7,0
DA:8,0
DA:11,0
DA:12,0
DA:15,0
DA:16,0
DA:19,0
DA:20,0
DA:23,0
DA:24,0
DA:27,0
DA:28,0
DA:31,0
DA:32,0
DA:35,0
DA:36,0
LF:18
LH:0
BRF:0
BRH:0
end_of_record
TN:
SF:src/api/role.ts
FN:4,(anonymous_0)
FNF:1
FNH:0
FNDA:0,(anonymous_0)
DA:2,0
DA:4,0
DA:7,0
DA:8,0
DA:9,0
DA:10,0
DA:11,0
LF:7
LH:0
BRF:0
BRH:0
end_of_record
TN:
SF:src/api/search.ts
FN:8,fullTextSearch
FN:17,advancedSearch
FN:37,searchSuggestions
FN:46,syncCase
FN:54,batchSyncCases
FN:63,syncAllCases
FN:71,deleteCaseFromIndex
FNF:7
FNH:0
FNDA:0,fullTextSearch
FNDA:0,advancedSearch
FNDA:0,searchSuggestions
FNDA:0,syncCase
FNDA:0,batchSyncCases
FNDA:0,syncAllCases
FNDA:0,deleteCaseFromIndex
DA:1,0
DA:8,0
DA:9,0
DA:17,0
DA:29,0
DA:37,0
DA:38,0
DA:46,0
DA:47,0
DA:54,0
DA:55,0
DA:63,0
DA:64,0
DA:71,0
DA:72,0
LF:15
LH:0
BRF:0
BRH:0
end_of_record
TN:
SF:src/api/user.ts
FN:4,(anonymous_0)
FN:9,(anonymous_1)
FN:10,(anonymous_2)
FN:11,(anonymous_3)
FNF:4
FNH:0
FNDA:0,(anonymous_0)
FNDA:0,(anonymous_1)
FNDA:0,(anonymous_2)
FNDA:0,(anonymous_3)
DA:1,0
DA:2,0
DA:4,0
DA:7,0
DA:8,0
DA:9,0
DA:10,0
DA:11,0
LF:8
LH:0
BRF:0
BRH:0
end_of_record
TN:
SF:src/components/AdvancedSearch.tsx
FN:63,(anonymous_10)
FN:101,(anonymous_11)
FN:133,(anonymous_12)
FN:150,(anonymous_13)
FN:158,(anonymous_14)
FN:181,(anonymous_15)
FN:224,(anonymous_16)
FN:229,(anonymous_17)
FN:293,(anonymous_18)
FN:310,(anonymous_19)
FNF:10
FNH:0
FNDA:0,(anonymous_10)
FNDA:0,(anonymous_11)
FNDA:0,(anonymous_12)
FNDA:0,(anonymous_13)
FNDA:0,(anonymous_14)
FNDA:0,(anonymous_15)
FNDA:0,(anonymous_16)
FNDA:0,(anonymous_17)
FNDA:0,(anonymous_18)
FNDA:0,(anonymous_19)
DA:1,0
DA:2,0
DA:20,0
DA:34,0
DA:36,0
DA:37,0
DA:38,0
DA:39,0
DA:40,0
DA:63,0
DA:70,0
DA:71,0
DA:72,0
DA:75,0
DA:87,0
DA:101,0
DA:102,0
DA:104,0
DA:105,0
DA:107,0
DA:108,0
DA:110,0
DA:111,0
DA:113,0
DA:114,0
DA:116,0
DA:117,0
DA:119,0
DA:120,0
DA:122,0
DA:123,0
DA:125,0
DA:126,0
DA:129,0
DA:133,0
DA:134,0
DA:135,0
DA:137,0
DA:150,0
DA:151,0
DA:153,0
DA:158,0
DA:159,0
DA:160,0
DA:161,0
DA:165,0
DA:181,0
DA:182,0
DA:183,0
DA:186,0
DA:225,0
DA:229,0
DA:294,0
DA:311,0
DA:410,0
LF:55
LH:0
BRDA:66,0,0,0
BRDA:67,1,0,0
BRDA:104,2,0,0
BRDA:104,2,1,0
BRDA:107,3,0,0
BRDA:107,3,1,0
BRDA:110,4,0,0
BRDA:110,4,1,0
BRDA:113,5,0,0
BRDA:113,5,1,0
BRDA:116,6,0,0
BRDA:116,6,1,0
BRDA:119,7,0,0
BRDA:119,7,1,0
BRDA:122,8,0,0
BRDA:122,8,1,0
BRDA:125,9,0,0
BRDA:125,9,1,0
BRDA:138,10,0,0
BRDA:138,10,1,0
BRDA:139,11,0,0
BRDA:139,11,1,0
BRDA:140,12,0,0
BRDA:140,12,1,0
BRDA:141,13,0,0
BRDA:141,13,1,0
BRDA:142,14,0,0
BRDA:142,14,1,0
BRDA:143,15,0,0
BRDA:143,15,1,0
BRDA:144,16,0,0
BRDA:144,16,1,0
BRDA:145,17,0,0
BRDA:145,17,1,0
BRDA:146,18,0,0
BRDA:146,18,1,0
BRDA:147,19,0,0
BRDA:147,19,1,0
BRDA:193,20,0,0
BRDA:193,20,1,0
BRDA:198,21,0,0
BRDA:198,21,1,0
BRDA:315,22,0,0
BRDA:315,22,1,0
BRDA:316,23,0,0
BRDA:316,23,1,0
BRF:46
BRH:0
end_of_record
TN:
SF:src/components/CreateCaseModal.tsx
FN:43,(anonymous_9)
FN:53,(anonymous_10)
FN:60,(anonymous_11)
FN:100,(anonymous_12)
FN:134,(anonymous_13)
FN:144,(anonymous_14)
FN:171,(anonymous_15)
FN:186,(anonymous_16)
FN:232,(anonymous_17)
FN:242,(anonymous_18)
FN:253,(anonymous_19)
FN:271,(anonymous_20)
FN:311,(anonymous_21)
FN:352,(anonymous_22)
FN:364,(anonymous_23)
FNF:15
FNH:0
FNDA:0,(anonymous_9)
FNDA:0,(anonymous_10)
FNDA:0,(anonymous_11)
FNDA:0,(anonymous_12)
FNDA:0,(anonymous_13)
FNDA:0,(anonymous_14)
FNDA:0,(anonymous_15)
FNDA:0,(anonymous_16)
FNDA:0,(anonymous_17)
FNDA:0,(anonymous_18)
FNDA:0,(anonymous_19)
FNDA:0,(anonymous_20)
FNDA:0,(anonymous_21)
FNDA:0,(anonymous_22)
FNDA:0,(anonymous_23)
DA:1,0
DA:2,0
DA:21,0
DA:30,0
DA:33,0
DA:34,0
DA:35,0
DA:43,0
DA:44,0
DA:45,0
DA:46,0
DA:47,0
DA:48,0
DA:49,0
DA:50,0
DA:51,0
DA:53,0
DA:54,0
DA:55,0
DA:56,0
DA:60,0
DA:61,0
DA:62,0
DA:67,0
DA:68,0
DA:71,0
DA:79,0
DA:89,0
DA:96,0
DA:100,0
DA:101,0
DA:102,0
DA:103,0
DA:106,0
DA:117,0
DA:118,0
DA:119,0
DA:120,0
DA:122,0
DA:124,0
DA:128,0
DA:135,0
DA:136,0
DA:137,0
DA:138,0
DA:144,0
DA:145,0
DA:172,0
DA:187,0
DA:232,0
DA:233,0
DA:243,0
DA:254,0
DA:272,0
DA:311,0
DA:312,0
DA:352,0
DA:364,0
DA:365,0
DA:412,0
DA:489,0
LF:61
LH:0
BRDA:54,0,0,0
BRDA:54,0,1,0
BRDA:67,1,0,0
BRDA:67,1,1,0
BRDA:68,2,0,0
BRDA:68,2,1,0
BRDA:108,3,0,0
BRDA:108,3,1,0
BRDA:109,4,0,0
BRDA:109,4,1,0
BRDA:112,5,0,0
BRDA:112,5,1,0
BRDA:113,6,0,0
BRDA:113,6,1,0
BRDA:114,7,0,0
BRDA:114,7,1,0
BRDA:135,8,0,0
BRDA:135,8,1,0
BRDA:137,9,0,0
BRDA:137,9,1,0
BRF:20
BRH:0
end_of_record
TN:
SF:src/components/CreateCaseWizard.tsx
FN:128,(anonymous_10)
FN:175,(anonymous_11)
FN:182,(anonymous_12)
FN:189,(anonymous_13)
FN:254,(anonymous_14)
FN:264,(anonymous_15)
FN:312,(anonymous_16)
FN:324,(anonymous_17)
FN:337,(anonymous_18)
FN:384,(anonymous_19)
FN:393,(anonymous_20)
FN:454,(anonymous_21)
FN:481,(anonymous_22)
FN:486,(anonymous_23)
FN:493,(anonymous_24)
FN:506,(anonymous_25)
FN:524,(anonymous_26)
FN:553,(anonymous_27)
FN:559,(anonymous_28)
FN:565,(anonymous_29)
FN:612,(anonymous_30)
FN:663,(anonymous_31)
FN:740,(anonymous_32)
FN:754,(anonymous_33)
FN:811,(anonymous_34)
FN:855,(anonymous_35)
FN:862,(anonymous_36)
FN:898,(anonymous_37)
FN:899,(anonymous_38)
FN:961,(anonymous_39)
FN:1005,(anonymous_40)
FN:1012,(anonymous_41)
FN:1052,(anonymous_42)
FN:1059,(anonymous_43)
FN:1094,(anonymous_44)
FN:1172,(anonymous_45)
FN:1229,(anonymous_46)
FN:1275,(anonymous_47)
FN:1276,(anonymous_48)
FN:1279,(anonymous_49)
FN:1284,(anonymous_50)
FN:1311,(anonymous_51)
FN:1346,(anonymous_52)
FN:1351,(anonymous_53)
FN:1385,(anonymous_54)
FN:1423,(anonymous_55)
FN:1426,(anonymous_56)
FN:1434,(anonymous_57)
FN:1436,(anonymous_58)
FN:1445,(anonymous_59)
FN:1601,(anonymous_60)
FN:1684,(anonymous_61)
FN:1719,(anonymous_62)
FN:1749,(anonymous_63)
FNF:54
FNH:0
FNDA:0,(anonymous_10)
FNDA:0,(anonymous_11)
FNDA:0,(anonymous_12)
FNDA:0,(anonymous_13)
FNDA:0,(anonymous_14)
FNDA:0,(anonymous_15)
FNDA:0,(anonymous_16)
FNDA:0,(anonymous_17)
FNDA:0,(anonymous_18)
FNDA:0,(anonymous_19)
FNDA:0,(anonymous_20)
FNDA:0,(anonymous_21)
FNDA:0,(anonymous_22)
FNDA:0,(anonymous_23)
FNDA:0,(anonymous_24)
FNDA:0,(anonymous_25)
FNDA:0,(anonymous_26)
FNDA:0,(anonymous_27)
FNDA:0,(anonymous_28)
FNDA:0,(anonymous_29)
FNDA:0,(anonymous_30)
FNDA:0,(anonymous_31)
FNDA:0,(anonymous_32)
FNDA:0,(anonymous_33)
FNDA:0,(anonymous_34)
FNDA:0,(anonymous_35)
FNDA:0,(anonymous_36)
FNDA:0,(anonymous_37)
FNDA:0,(anonymous_38)
FNDA:0,(anonymous_39)
FNDA:0,(anonymous_40)
FNDA:0,(anonymous_41)
FNDA:0,(anonymous_42)
FNDA:0,(anonymous_43)
FNDA:0,(anonymous_44)
FNDA:0,(anonymous_45)
FNDA:0,(anonymous_46)
FNDA:0,(anonymous_47)
FNDA:0,(anonymous_48)
FNDA:0,(anonymous_49)
FNDA:0,(anonymous_50)
FNDA:0,(anonymous_51)
FNDA:0,(anonymous_52)
FNDA:0,(anonymous_53)
FNDA:0,(anonymous_54)
FNDA:0,(anonymous_55)
FNDA:0,(anonymous_56)
FNDA:0,(anonymous_57)
FNDA:0,(anonymous_58)
FNDA:0,(anonymous_59)
FNDA:0,(anonymous_60)
FNDA:0,(anonymous_61)
FNDA:0,(anonymous_62)
FNDA:0,(anonymous_63)
DA:1,0
DA:2,0
DA:37,0
DA:57,0
DA:58,0
DA:59,0
DA:60,0
DA:61,0
DA:114,0
DA:116,0
DA:117,0
DA:118,0
DA:119,0
DA:120,0
DA:128,0
DA:129,0
DA:130,0
DA:131,0
DA:132,0
DA:135,0
DA:136,0
DA:137,0
DA:138,0
DA:139,0
DA:142,0
DA:143,0
DA:144,0
DA:147,0
DA:175,0
DA:176,0
DA:177,0
DA:178,0
DA:182,0
DA:183,0
DA:184,0
DA:185,0
DA:186,0
DA:189,0
DA:190,0
DA:191,0
DA:193,0
DA:195,0
DA:196,0
DA:200,0
DA:203,0
DA:204,0
DA:207,0
DA:209,0
DA:210,0
DA:211,0
DA:212,0
DA:214,0
DA:215,0
DA:216,0
DA:217,0
DA:219,0
DA:220,0
DA:221,0
DA:222,0
DA:224,0
DA:225,0
DA:226,0
DA:227,0
DA:229,0
DA:230,0
DA:231,0
DA:232,0
DA:234,0
DA:235,0
DA:236,0
DA:238,0
DA:239,0
DA:248,0
DA:249,0
DA:252,0
DA:254,0
DA:264,0
DA:282,0
DA:283,0
DA:284,0
DA:286,0
DA:287,0
DA:294,0
DA:298,0
DA:299,0
DA:301,0
DA:302,0
DA:303,0
DA:304,0
DA:306,0
DA:307,0
DA:311,0
DA:312,0
DA:321,0
DA:322,0
DA:323,0
DA:324,0
DA:333,0
DA:334,0
DA:335,0
DA:337,0
DA:346,0
DA:347,0
DA:348,0
DA:350,0
DA:351,0
DA:362,0
DA:363,0
DA:364,0
DA:365,0
DA:366,0
DA:370,0
DA:381,0
DA:382,0
DA:383,0
DA:384,0
DA:389,0
DA:390,0
DA:391,0
DA:393,0
DA:398,0
DA:399,0
DA:402,0
DA:406,0
DA:413,0
DA:420,0
DA:422,0
DA:423,0
DA:426,0
DA:435,0
DA:442,0
DA:449,0
DA:454,0
DA:455,0
DA:456,0
DA:457,0
DA:458,0
DA:460,0
DA:462,0
DA:464,0
DA:465,0
DA:469,0
DA:470,0
DA:471,0
DA:474,0
DA:476,0
DA:481,0
DA:482,0
DA:486,0
DA:487,0
DA:488,0
DA:489,0
DA:493,0
DA:494,0
DA:495,0
DA:502,0
DA:504,0
DA:506,0
DA:518,0
DA:524,0
DA:553,0
DA:559,0
DA:565,0
DA:580,0
DA:583,0
DA:586,0
DA:607,0
DA:612,0
DA:613,0
DA:614,0
DA:616,0
DA:633,0
DA:649,0
DA:650,0
DA:652,0
DA:653,0
DA:654,0
DA:656,0
DA:658,0
DA:663,0
DA:664,0
DA:741,0
DA:755,0
DA:811,0
DA:812,0
DA:856,0
DA:863,0
DA:898,0
DA:899,0
DA:961,0
DA:962,0
DA:1006,0
DA:1013,0
DA:1053,0
DA:1060,0
DA:1095,0
DA:1172,0
DA:1173,0
DA:1229,0
DA:1275,0
DA:1276,0
DA:1279,0
DA:1284,0
DA:1311,0
DA:1312,0
DA:1346,0
DA:1351,0
DA:1385,0
DA:1423,0
DA:1426,0
DA:1434,0
DA:1436,0
DA:1445,0
DA:1601,0
DA:1602,0
DA:1604,0
DA:1606,0
DA:1608,0
DA:1610,0
DA:1612,0
DA:1614,0
DA:1618,0
DA:1684,0
DA:1720,0
DA:1750,0
DA:1869,0
LF:226
LH:0
BRDA:176,0,0,0
BRDA:176,0,1,0
BRDA:207,1,0,0
BRDA:207,1,1,0
BRDA:207,2,0,0
BRDA:207,2,1,0
BRDA:210,3,0,0
BRDA:210,3,1,0
BRDA:210,3,2,0
BRDA:212,4,0,0
BRDA:212,4,1,0
BRDA:212,5,0,0
BRDA:212,5,1,0
BRDA:214,6,0,0
BRDA:214,6,1,0
BRDA:215,7,0,0
BRDA:215,7,1,0
BRDA:217,8,0,0
BRDA:217,8,1,0
BRDA:217,9,0,0
BRDA:217,9,1,0
BRDA:220,10,0,0
BRDA:220,10,1,0
BRDA:222,11,0,0
BRDA:222,11,1,0
BRDA:222,12,0,0
BRDA:222,12,1,0
BRDA:227,13,0,0
BRDA:227,13,1,0
BRDA:227,14,0,0
BRDA:227,14,1,0
BRDA:230,15,0,0
BRDA:230,15,1,0
BRDA:232,16,0,0
BRDA:232,16,1,0
BRDA:232,17,0,0
BRDA:232,17,1,0
BRDA:234,18,0,0
BRDA:234,18,1,0
BRDA:234,18,2,0
BRDA:235,19,0,0
BRDA:235,19,1,0
BRDA:244,20,0,0
BRDA:244,20,1,0
BRDA:252,21,0,0
BRDA:252,21,1,0
BRDA:266,22,0,0
BRDA:266,22,1,0
BRDA:266,22,2,0
BRDA:267,23,0,0
BRDA:267,23,1,0
BRDA:268,24,0,0
BRDA:268,24,1,0
BRDA:269,25,0,0
BRDA:269,25,1,0
BRDA:269,26,0,0
BRDA:269,26,1,0
BRDA:270,27,0,0
BRDA:270,27,1,0
BRDA:271,28,0,0
BRDA:271,28,1,0
BRDA:272,29,0,0
BRDA:272,29,1,0
BRDA:290,30,0,0
BRDA:290,30,1,0
BRDA:311,31,0,0
BRDA:311,31,1,0
BRDA:311,32,0,0
BRDA:311,32,1,0
BRDA:314,33,0,0
BRDA:314,33,1,0
BRDA:315,34,0,0
BRDA:315,34,1,0
BRDA:316,35,0,0
BRDA:316,35,1,0
BRDA:317,36,0,0
BRDA:317,36,1,0
BRDA:318,37,0,0
BRDA:318,37,1,0
BRDA:319,38,0,0
BRDA:319,38,1,0
BRDA:323,39,0,0
BRDA:323,39,1,0
BRDA:323,40,0,0
BRDA:323,40,1,0
BRDA:326,41,0,0
BRDA:326,41,1,0
BRDA:327,42,0,0
BRDA:327,42,1,0
BRDA:328,43,0,0
BRDA:328,43,1,0
BRDA:329,44,0,0
BRDA:329,44,1,0
BRDA:330,45,0,0
BRDA:330,45,1,0
BRDA:331,46,0,0
BRDA:331,46,1,0
BRDA:335,47,0,0
BRDA:335,47,1,0
BRDA:335,48,0,0
BRDA:335,48,1,0
BRDA:339,49,0,0
BRDA:339,49,1,0
BRDA:340,50,0,0
BRDA:340,50,1,0
BRDA:341,51,0,0
BRDA:341,51,1,0
BRDA:342,52,0,0
BRDA:342,52,1,0
BRDA:343,53,0,0
BRDA:343,53,1,0
BRDA:344,54,0,0
BRDA:344,54,1,0
BRDA:354,55,0,0
BRDA:354,55,1,0
BRDA:383,56,0,0
BRDA:383,56,1,0
BRDA:383,57,0,0
BRDA:383,57,1,0
BRDA:387,58,0,0
BRDA:387,58,1,0
BRDA:391,59,0,0
BRDA:391,59,1,0
BRDA:391,60,0,0
BRDA:391,60,1,0
BRDA:396,61,0,0
BRDA:396,61,1,0
BRDA:460,62,0,0
BRDA:460,62,1,0
BRDA:469,63,0,0
BRDA:469,63,1,0
BRDA:469,64,0,0
BRDA:469,64,1,0
BRDA:505,65,0,0
BRDA:505,65,1,0
BRDA:510,66,0,0
BRDA:510,66,1,0
BRDA:519,67,0,0
BRDA:519,67,1,0
BRDA:520,68,0,0
BRDA:520,68,1,0
BRDA:523,69,0,0
BRDA:523,69,1,0
BRDA:524,70,0,0
BRDA:524,70,1,0
BRDA:525,71,0,0
BRDA:525,71,1,0
BRDA:526,72,0,0
BRDA:526,72,1,0
BRDA:527,73,0,0
BRDA:527,73,1,0
BRDA:528,74,0,0
BRDA:528,74,1,0
BRDA:529,75,0,0
BRDA:529,75,1,0
BRDA:531,76,0,0
BRDA:531,76,1,0
BRDA:532,77,0,0
BRDA:532,77,1,0
BRDA:534,78,0,0
BRDA:534,78,1,0
BRDA:534,79,0,0
BRDA:534,79,1,0
BRDA:536,80,0,0
BRDA:536,80,1,0
BRDA:536,81,0,0
BRDA:536,81,1,0
BRDA:540,82,0,0
BRDA:540,82,1,0
BRDA:540,83,0,0
BRDA:540,83,1,0
BRDA:540,84,0,0
BRDA:540,84,1,0
BRDA:540,85,0,0
BRDA:540,85,1,0
BRDA:542,86,0,0
BRDA:542,86,1,0
BRDA:542,87,0,0
BRDA:542,87,1,0
BRDA:542,88,0,0
BRDA:542,88,1,0
BRDA:542,89,0,0
BRDA:542,89,1,0
BRDA:546,90,0,0
BRDA:546,90,1,0
BRDA:547,91,0,0
BRDA:547,91,1,0
BRDA:548,92,0,0
BRDA:548,92,1,0
BRDA:552,93,0,0
BRDA:552,93,1,0
BRDA:553,94,0,0
BRDA:553,94,1,0
BRDA:556,95,0,0
BRDA:556,95,1,0
BRDA:559,96,0,0
BRDA:559,96,1,0
BRDA:560,97,0,0
BRDA:560,97,1,0
BRDA:560,98,0,0
BRDA:560,98,1,0
BRDA:565,99,0,0
BRDA:565,99,1,0
BRDA:566,100,0,0
BRDA:566,100,1,0
BRDA:567,101,0,0
BRDA:567,101,1,0
BRDA:568,102,0,0
BRDA:568,102,1,0
BRDA:569,103,0,0
BRDA:569,103,1,0
BRDA:571,104,0,0
BRDA:571,104,1,0
BRDA:571,105,0,0
BRDA:571,105,1,0
BRDA:573,106,0,0
BRDA:573,106,1,0
BRDA:573,107,0,0
BRDA:573,107,1,0
BRDA:618,108,0,0
BRDA:618,108,1,0
BRDA:619,109,0,0
BRDA:619,109,1,0
BRDA:620,110,0,0
BRDA:620,110,1,0
BRDA:621,111,0,0
BRDA:621,111,1,0
BRDA:622,112,0,0
BRDA:622,112,1,0
BRDA:623,113,0,0
BRDA:623,113,1,0
BRDA:624,114,0,0
BRDA:624,114,1,0
BRDA:626,115,0,0
BRDA:626,115,1,0
BRDA:627,116,0,0
BRDA:627,116,1,0
BRDA:628,117,0,0
BRDA:628,117,1,0
BRDA:629,118,0,0
BRDA:629,118,1,0
BRDA:640,119,0,0
BRDA:640,119,1,0
BRDA:645,120,0,0
BRDA:645,120,1,0
BRDA:649,121,0,0
BRDA:649,121,1,0
BRDA:857,122,0,0
BRDA:857,122,1,0
BRDA:875,123,0,0
BRDA:875,123,1,0
BRDA:1007,124,0,0
BRDA:1007,124,1,0
BRDA:1054,125,0,0
BRDA:1054,125,1,0
BRDA:1186,126,0,0
BRDA:1186,126,1,0
BRDA:1224,127,0,0
BRDA:1224,127,1,0
BRDA:1226,128,0,0
BRDA:1226,128,1,0
BRDA:1229,129,0,0
BRDA:1229,129,1,0
BRDA:1232,130,0,0
BRDA:1232,130,1,0
BRDA:1235,131,0,0
BRDA:1235,131,1,0
BRDA:1237,132,0,0
BRDA:1237,132,1,0
BRDA:1239,133,0,0
BRDA:1239,133,1,0
BRDA:1243,134,0,0
BRDA:1243,134,1,0
BRDA:1243,135,0,0
BRDA:1243,135,1,0
BRDA:1247,136,0,0
BRDA:1247,136,1,0
BRDA:1249,137,0,0
BRDA:1249,137,1,0
BRDA:1250,138,0,0
BRDA:1250,138,1,0
BRDA:1256,139,0,0
BRDA:1256,139,1,0
BRDA:1257,140,0,0
BRDA:1257,140,1,0
BRDA:1262,141,0,0
BRDA:1262,141,1,0
BRDA:1267,142,0,0
BRDA:1267,142,1,0
BRDA:1269,143,0,0
BRDA:1269,143,1,0
BRDA:1275,144,0,0
BRDA:1275,144,1,0
BRDA:1276,145,0,0
BRDA:1276,145,1,0
BRDA:1279,146,0,0
BRDA:1279,146,1,0
BRDA:1279,147,0,0
BRDA:1279,147,1,0
BRDA:1281,148,0,0
BRDA:1281,148,1,0
BRDA:1346,149,0,0
BRDA:1346,149,1,0
BRDA:1351,150,0,0
BRDA:1351,150,1,0
BRDA:1356,151,0,0
BRDA:1356,151,1,0
BRDA:1359,152,0,0
BRDA:1359,152,1,0
BRDA:1363,153,0,0
BRDA:1363,153,1,0
BRDA:1385,154,0,0
BRDA:1385,154,1,0
BRDA:1391,155,0,0
BRDA:1391,155,1,0
BRDA:1397,156,0,0
BRDA:1397,156,1,0
BRDA:1401,157,0,0
BRDA:1401,157,1,0
BRDA:1423,158,0,0
BRDA:1423,158,1,0
BRDA:1431,159,0,0
BRDA:1431,159,1,0
BRDA:1445,160,0,0
BRDA:1445,160,1,0
BRDA:1450,161,0,0
BRDA:1450,161,1,0
BRDA:1459,162,0,0
BRDA:1459,162,1,0
BRDA:1460,163,0,0
BRDA:1460,163,1,0
BRDA:1461,164,0,0
BRDA:1461,164,1,0
BRDA:1462,165,0,0
BRDA:1462,165,1,0
BRDA:1462,165,2,0
BRDA:1462,165,3,0
BRDA:1480,166,0,0
BRDA:1480,166,1,0
BRDA:1482,167,0,0
BRDA:1482,167,1,0
BRDA:1488,168,0,0
BRDA:1488,168,1,0
BRDA:1498,169,0,0
BRDA:1498,169,1,0
BRDA:1500,170,0,0
BRDA:1500,170,1,0
BRDA:1523,171,0,0
BRDA:1523,171,1,0
BRDA:1525,172,0,0
BRDA:1525,172,1,0
BRDA:1531,173,0,0
BRDA:1531,173,1,0
BRDA:1533,174,0,0
BRDA:1533,174,1,0
BRDA:1541,175,0,0
BRDA:1541,175,1,0
BRDA:1542,176,0,0
BRDA:1542,176,1,0
BRDA:1549,177,0,0
BRDA:1549,177,1,0
BRDA:1551,178,0,0
BRDA:1551,178,1,0
BRDA:1553,179,0,0
BRDA:1553,179,1,0
BRDA:1557,180,0,0
BRDA:1557,180,1,0
BRDA:1602,181,0,0
BRDA:1602,181,1,0
BRDA:1602,181,2,0
BRDA:1602,181,3,0
BRDA:1602,181,4,0
BRDA:1602,181,5,0
BRDA:1726,182,0,0
BRDA:1726,182,1,0
BRDA:1728,183,0,0
BRDA:1728,183,1,0
BRDA:1739,184,0,0
BRDA:1739,184,1,0
BRDA:1741,185,0,0
BRDA:1741,185,1,0
BRDA:1787,186,0,0
BRDA:1787,186,1,0
BRDA:1794,187,0,0
BRDA:1794,187,1,0
BRDA:1794,187,2,0
BRDA:1794,187,3,0
BRDA:1799,188,0,0
BRDA:1799,188,1,0
BRDA:1807,189,0,0
BRDA:1807,189,1,0
BRDA:1812,190,0,0
BRDA:1812,190,1,0
BRDA:1812,191,0,0
BRDA:1812,191,1,0
BRDA:1826,192,0,0
BRDA:1826,192,1,0
BRDA:1854,193,0,0
BRDA:1854,193,1,0
BRDA:1855,194,0,0
BRDA:1855,194,1,0
BRDA:1856,195,0,0
BRDA:1856,195,1,0
BRDA:1857,196,0,0
BRDA:1857,196,1,0
BRDA:1858,197,0,0
BRDA:1858,197,1,0
BRF:407
BRH:0
end_of_record
TN:
SF:src/components/DocumentManagement.tsx
FN:85,(anonymous_10)
FN:138,(anonymous_11)
FN:142,(anonymous_12)
FN:145,(anonymous_13)
FN:196,(anonymous_14)
FN:215,(anonymous_15)
FN:226,(anonymous_16)
FN:230,(anonymous_17)
FN:243,(anonymous_18)
FN:274,(anonymous_19)
FN:280,(anonymous_20)
FN:283,(anonymous_21)
FN:289,(anonymous_22)
FN:290,(anonymous_23)
FN:290,(anonymous_24)
FN:295,(anonymous_25)
FN:300,(anonymous_26)
FN:314,(anonymous_27)
FN:315,(anonymous_28)
FN:316,(anonymous_29)
FN:325,(anonymous_30)
FN:342,(anonymous_31)
FN:342,(anonymous_32)
FN:349,(anonymous_33)
FN:350,(anonymous_34)
FN:356,(anonymous_35)
FN:378,(anonymous_36)
FN:385,(anonymous_37)
FN:395,(anonymous_38)
FN:411,(anonymous_39)
FN:417,(anonymous_40)
FN:424,(anonymous_41)
FN:433,(anonymous_42)
FN:442,(anonymous_43)
FN:452,(anonymous_44)
FN:463,(anonymous_45)
FN:512,(anonymous_46)
FN:525,(anonymous_47)
FN:525,(anonymous_48)
FN:527,(anonymous_49)
FN:539,(anonymous_50)
FN:539,(anonymous_51)
FN:541,(anonymous_52)
FN:553,(anonymous_53)
FN:553,(anonymous_54)
FN:555,(anonymous_55)
FN:566,(anonymous_56)
FN:566,(anonymous_57)
FN:582,(anonymous_58)
FN:591,(anonymous_59)
FN:610,(anonymous_60)
FN:624,(anonymous_61)
FN:634,(anonymous_62)
FN:669,(anonymous_63)
FN:706,(anonymous_64)
FN:719,(anonymous_65)
FN:726,(anonymous_66)
FN:750,(anonymous_67)
FN:795,(anonymous_68)
FNF:59
FNH:0
FNDA:0,(anonymous_10)
FNDA:0,(anonymous_11)
FNDA:0,(anonymous_12)
FNDA:0,(anonymous_13)
FNDA:0,(anonymous_14)
FNDA:0,(anonymous_15)
FNDA:0,(anonymous_16)
FNDA:0,(anonymous_17)
FNDA:0,(anonymous_18)
FNDA:0,(anonymous_19)
FNDA:0,(anonymous_20)
FNDA:0,(anonymous_21)
FNDA:0,(anonymous_22)
FNDA:0,(anonymous_23)
FNDA:0,(anonymous_24)
FNDA:0,(anonymous_25)
FNDA:0,(anonymous_26)
FNDA:0,(anonymous_27)
FNDA:0,(anonymous_28)
FNDA:0,(anonymous_29)
FNDA:0,(anonymous_30)
FNDA:0,(anonymous_31)
FNDA:0,(anonymous_32)
FNDA:0,(anonymous_33)
FNDA:0,(anonymous_34)
FNDA:0,(anonymous_35)
FNDA:0,(anonymous_36)
FNDA:0,(anonymous_37)
FNDA:0,(anonymous_38)
FNDA:0,(anonymous_39)
FNDA:0,(anonymous_40)
FNDA:0,(anonymous_41)
FNDA:0,(anonymous_42)
FNDA:0,(anonymous_43)
FNDA:0,(anonymous_44)
FNDA:0,(anonymous_45)
FNDA:0,(anonymous_46)
FNDA:0,(anonymous_47)
FNDA:0,(anonymous_48)
FNDA:0,(anonymous_49)
FNDA:0,(anonymous_50)
FNDA:0,(anonymous_51)
FNDA:0,(anonymous_52)
FNDA:0,(anonymous_53)
FNDA:0,(anonymous_54)
FNDA:0,(anonymous_55)
FNDA:0,(anonymous_56)
FNDA:0,(anonymous_57)
FNDA:0,(anonymous_58)
FNDA:0,(anonymous_59)
FNDA:0,(anonymous_60)
FNDA:0,(anonymous_61)
FNDA:0,(anonymous_62)
FNDA:0,(anonymous_63)
FNDA:0,(anonymous_64)
FNDA:0,(anonymous_65)
FNDA:0,(anonymous_66)
FNDA:0,(anonymous_67)
FNDA:0,(anonymous_68)
DA:1,0
DA:2,0
DA:25,0
DA:44,0
DA:46,0
DA:47,0
DA:48,0
DA:85,0
DA:86,0
DA:87,0
DA:88,0
DA:89,0
DA:90,0
DA:91,0
DA:92,0
DA:93,0
DA:94,0
DA:95,0
DA:103,0
DA:113,0
DA:123,0
DA:131,0
DA:138,0
DA:139,0
DA:142,0
DA:143,0
DA:145,0
DA:146,0
DA:190,0
DA:191,0
DA:196,0
DA:197,0
DA:207,0
DA:215,0
DA:216,0
DA:217,0
DA:219,0
DA:220,0
DA:221,0
DA:222,0
DA:226,0
DA:227,0
DA:228,0
DA:230,0
DA:232,0
DA:233,0
DA:234,0
DA:236,0
DA:238,0
DA:239,0
DA:243,0
DA:244,0
DA:247,0
DA:269,0
DA:270,0
DA:274,0
DA:275,0
DA:276,0
DA:280,0
DA:281,0
DA:283,0
DA:284,0
DA:289,0
DA:290,0
DA:291,0
DA:295,0
DA:296,0
DA:300,0
DA:301,0
DA:312,0
DA:314,0
DA:315,0
DA:316,0
DA:319,0
DA:326,0
DA:342,0
DA:350,0
DA:357,0
DA:378,0
DA:386,0
DA:387,0
DA:396,0
DA:397,0
DA:411,0
DA:418,0
DA:424,0
DA:433,0
DA:442,0
DA:452,0
DA:463,0
DA:479,0
DA:512,0
DA:525,0
DA:528,0
DA:539,0
DA:542,0
DA:553,0
DA:556,0
DA:566,0
DA:582,0
DA:591,0
DA:611,0
DA:625,0
DA:635,0
DA:669,0
DA:706,0
DA:719,0
DA:727,0
DA:750,0
DA:795,0
DA:808,0
LF:111
LH:0
BRDA:208,0,0,0
BRDA:208,0,1,0
BRDA:216,1,0,0
BRDA:216,1,1,0
BRDA:302,2,0,0
BRDA:302,2,1,0
BRDA:302,2,2,0
BRDA:302,2,3,0
BRDA:302,2,4,0
BRDA:302,2,5,0
BRDA:302,2,6,0
BRDA:302,2,7,0
BRDA:302,2,8,0
BRDA:342,3,0,0
BRDA:342,3,1,0
BRDA:350,4,0,0
BRDA:350,4,1,0
BRDA:358,5,0,0
BRDA:358,5,1,0
BRDA:364,6,0,0
BRDA:364,6,1,0
BRDA:656,7,0,0
BRDA:656,7,1,0
BRDA:673,8,0,0
BRDA:673,8,1,0
BRDA:755,9,0,0
BRDA:755,9,1,0
BRF:27
BRH:0
end_of_record
TN:
SF:src/components/EnhancedCaseCreateExample.tsx
FN:10,(anonymous_10)
FN:13,(anonymous_11)
FN:23,(anonymous_12)
FN:31,(anonymous_13)
FNF:4
FNH:0
FNDA:0,(anonymous_10)
FNDA:0,(anonymous_11)
FNDA:0,(anonymous_12)
FNDA:0,(anonymous_13)
DA:1,0
DA:2,0
DA:3,0
DA:4,0
DA:10,0
DA:11,0
DA:13,0
DA:14,0
DA:18,0
DA:23,0
DA:31,0
DA:38,0
LF:12
LH:0
BRF:0
BRH:0
end_of_record
TN:
SF:src/components/EnhancedCaseWithWaiver.tsx
FN:51,(anonymous_10)
FN:67,(anonymous_11)
FN:76,(anonymous_12)
FN:104,(anonymous_13)
FN:111,(anonymous_14)
FN:134,(anonymous_15)
FN:145,(anonymous_16)
FN:155,(anonymous_17)
FN:165,(anonymous_18)
FN:173,(anonymous_19)
FN:174,(anonymous_20)
FN:190,(anonymous_21)
FN:202,(anonymous_22)
FN:203,(anonymous_23)
FN:222,(anonymous_24)
FN:229,(anonymous_25)
FN:239,(anonymous_26)
FN:256,(anonymous_27)
FN:259,(anonymous_28)
FN:264,(anonymous_29)
FN:279,(anonymous_30)
FN:298,(anonymous_31)
FN:338,(anonymous_32)
FN:363,(anonymous_33)
FN:435,(anonymous_34)
FN:446,(anonymous_35)
FN:457,(anonymous_36)
FN:469,(anonymous_37)
FN:502,(anonymous_38)
FNF:29
FNH:0
FNDA:0,(anonymous_10)
FNDA:0,(anonymous_11)
FNDA:0,(anonymous_12)
FNDA:0,(anonymous_13)
FNDA:0,(anonymous_14)
FNDA:0,(anonymous_15)
FNDA:0,(anonymous_16)
FNDA:0,(anonymous_17)
FNDA:0,(anonymous_18)
FNDA:0,(anonymous_19)
FNDA:0,(anonymous_20)
FNDA:0,(anonymous_21)
FNDA:0,(anonymous_22)
FNDA:0,(anonymous_23)
FNDA:0,(anonymous_24)
FNDA:0,(anonymous_25)
FNDA:0,(anonymous_26)
FNDA:0,(anonymous_27)
FNDA:0,(anonymous_28)
FNDA:0,(anonymous_29)
FNDA:0,(anonymous_30)
FNDA:0,(anonymous_31)
FNDA:0,(anonymous_32)
FNDA:0,(anonymous_33)
FNDA:0,(anonymous_34)
FNDA:0,(anonymous_35)
FNDA:0,(anonymous_36)
FNDA:0,(anonymous_37)
FNDA:0,(anonymous_38)
DA:1,0
DA:2,0
DA:19,0
DA:29,0
DA:30,0
DA:31,0
DA:34,0
DA:35,0
DA:36,0
DA:51,0
DA:56,0
DA:57,0
DA:58,0
DA:59,0
DA:60,0
DA:61,0
DA:62,0
DA:63,0
DA:64,0
DA:65,0
DA:67,0
DA:68,0
DA:69,0
DA:70,0
DA:71,0
DA:72,0
DA:76,0
DA:77,0
DA:79,0
DA:85,0
DA:92,0
DA:99,0
DA:104,0
DA:105,0
DA:106,0
DA:109,0
DA:111,0
DA:113,0
DA:114,0
DA:122,0
DA:123,0
DA:132,0
DA:134,0
DA:135,0
DA:138,0
DA:140,0
DA:145,0
DA:146,0
DA:147,0
DA:148,0
DA:150,0
DA:155,0
DA:156,0
DA:157,0
DA:159,0
DA:160,0
DA:161,0
DA:165,0
DA:167,0
DA:168,0
DA:173,0
DA:175,0
DA:176,0
DA:180,0
DA:183,0
DA:185,0
DA:190,0
DA:191,0
DA:193,0
DA:202,0
DA:204,0
DA:208,0
DA:215,0
DA:216,0
DA:217,0
DA:218,0
DA:222,0
DA:223,0
DA:224,0
DA:229,0
DA:230,0
DA:231,0
DA:234,0
DA:240,0
DA:256,0
DA:259,0
DA:265,0
DA:266,0
DA:279,0
DA:280,0
DA:299,0
DA:339,0
DA:364,0
DA:373,0
DA:435,0
DA:447,0
DA:457,0
DA:470,0
DA:471,0
DA:502,0
DA:511,0
LF:101
LH:0
BRDA:68,0,0,0
BRDA:68,0,1,0
BRDA:113,1,0,0
BRDA:113,1,1,0
BRDA:113,2,0,0
BRDA:113,2,1,0
BRDA:122,3,0,0
BRDA:122,3,1,0
BRDA:122,4,0,0
BRDA:122,4,1,0
BRDA:134,5,0,0
BRDA:134,5,1,0
BRDA:147,6,0,0
BRDA:147,6,1,0
BRDA:159,7,0,0
BRDA:159,7,1,0
BRDA:167,8,0,0
BRDA:167,8,1,0
BRDA:195,9,0,0
BRDA:195,9,1,0
BRDA:197,10,0,0
BRDA:197,10,1,0
BRDA:198,11,0,0
BRDA:198,11,1,0
BRDA:199,12,0,0
BRDA:199,12,1,0
BRDA:205,13,0,0
BRDA:205,13,1,0
BRDA:212,14,0,0
BRDA:212,14,1,0
BRDA:230,15,0,0
BRDA:230,15,1,0
BRDA:243,16,0,0
BRDA:243,16,1,0
BRDA:245,17,0,0
BRDA:245,17,1,0
BRDA:256,18,0,0
BRDA:256,18,1,0
BRDA:259,19,0,0
BRDA:259,19,1,0
BRDA:407,20,0,0
BRDA:407,20,1,0
BRDA:433,21,0,0
BRDA:433,21,1,0
BRDA:444,22,0,0
BRDA:444,22,1,0
BRDA:451,23,0,0
BRDA:451,23,1,0
BRDA:457,24,0,0
BRDA:457,24,1,0
BRDA:505,25,0,0
BRDA:505,25,1,0
BRF:52
BRH:0
end_of_record
TN:
SF:src/components/EnhancedCreateCaseModal.tsx
FN:69,(anonymous_10)
FN:83,(anonymous_11)
FN:91,(anonymous_12)
FN:131,(anonymous_13)
FN:140,(anonymous_14)
FN:151,(anonymous_15)
FN:172,(anonymous_16)
FN:212,(anonymous_17)
FN:222,(anonymous_18)
FN:241,(anonymous_19)
FN:281,(anonymous_20)
FN:319,(anonymous_21)
FN:365,(anonymous_22)
FN:375,(anonymous_23)
FN:386,(anonymous_24)
FN:437,(anonymous_25)
FNF:16
FNH:0
FNDA:0,(anonymous_10)
FNDA:0,(anonymous_11)
FNDA:0,(anonymous_12)
FNDA:0,(anonymous_13)
FNDA:0,(anonymous_14)
FNDA:0,(anonymous_15)
FNDA:0,(anonymous_16)
FNDA:0,(anonymous_17)
FNDA:0,(anonymous_18)
FNDA:0,(anonymous_19)
FNDA:0,(anonymous_20)
FNDA:0,(anonymous_21)
FNDA:0,(anonymous_22)
FNDA:0,(anonymous_23)
FNDA:0,(anonymous_24)
FNDA:0,(anonymous_25)
DA:1,0
DA:2,0
DA:22,0
DA:32,0
DA:33,0
DA:36,0
DA:37,0
DA:69,0
DA:74,0
DA:75,0
DA:76,0
DA:77,0
DA:78,0
DA:79,0
DA:80,0
DA:81,0
DA:83,0
DA:84,0
DA:85,0
DA:86,0
DA:87,0
DA:91,0
DA:92,0
DA:94,0
DA:99,0
DA:102,0
DA:110,0
DA:120,0
DA:127,0
DA:131,0
DA:132,0
DA:134,0
DA:135,0
DA:136,0
DA:140,0
DA:141,0
DA:142,0
DA:143,0
DA:146,0
DA:147,0
DA:150,0
DA:151,0
DA:152,0
DA:160,0
DA:172,0
DA:194,0
DA:195,0
DA:196,0
DA:197,0
DA:199,0
DA:200,0
DA:202,0
DA:206,0
DA:213,0
DA:214,0
DA:215,0
DA:216,0
DA:222,0
DA:223,0
DA:242,0
DA:282,0
DA:319,0
DA:320,0
DA:365,0
DA:366,0
DA:376,0
DA:387,0
DA:437,0
DA:438,0
DA:485,0
DA:567,0
LF:71
LH:0
BRDA:84,0,0,0
BRDA:84,0,1,0
BRDA:134,1,0,0
BRDA:134,1,1,0
BRDA:141,2,0,0
BRDA:141,2,1,0
BRDA:163,3,0,0
BRDA:163,3,1,0
BRDA:165,4,0,0
BRDA:165,4,1,0
BRDA:166,5,0,0
BRDA:166,5,1,0
BRDA:167,6,0,0
BRDA:167,6,1,0
BRDA:183,7,0,0
BRDA:183,7,1,0
BRDA:184,8,0,0
BRDA:184,8,1,0
BRDA:185,9,0,0
BRDA:185,9,1,0
BRDA:186,10,0,0
BRDA:186,10,1,0
BRDA:191,11,0,0
BRDA:191,11,1,0
BRDA:213,12,0,0
BRDA:213,12,1,0
BRDA:215,13,0,0
BRDA:215,13,1,0
BRF:28
BRH:0
end_of_record
TN:
SF:src/components/FullTextSearch.tsx
FN:70,(anonymous_10)
FN:92,(anonymous_11)
FN:99,(anonymous_12)
FN:156,(anonymous_13)
FN:172,(anonymous_14)
FN:189,(anonymous_15)
FN:219,(anonymous_16)
FN:238,(anonymous_17)
FN:247,(anonymous_18)
FN:256,(anonymous_19)
FN:263,(anonymous_20)
FN:278,(anonymous_21)
FN:287,(anonymous_22)
FN:296,(anonymous_23)
FN:303,(anonymous_24)
FN:309,(anonymous_25)
FN:316,(anonymous_26)
FN:333,(anonymous_27)
FN:340,(anonymous_28)
FN:357,(anonymous_29)
FN:358,(anonymous_30)
FN:361,(anonymous_31)
FN:369,(anonymous_32)
FN:385,(anonymous_33)
FN:389,(anonymous_34)
FN:390,(anonymous_35)
FN:405,(anonymous_36)
FN:409,(anonymous_37)
FN:410,(anonymous_38)
FN:430,(anonymous_39)
FN:430,(anonymous_40)
FN:444,(anonymous_41)
FN:444,(anonymous_42)
FN:457,(anonymous_43)
FN:458,(anonymous_44)
FN:467,(anonymous_45)
FN:467,(anonymous_46)
FN:478,(anonymous_47)
FN:479,(anonymous_48)
FN:489,(anonymous_49)
FN:490,(anonymous_50)
FN:500,(anonymous_51)
FN:525,(anonymous_52)
FN:526,(anonymous_53)
FN:527,(anonymous_54)
FNF:45
FNH:0
FNDA:0,(anonymous_10)
FNDA:0,(anonymous_11)
FNDA:0,(anonymous_12)
FNDA:0,(anonymous_13)
FNDA:0,(anonymous_14)
FNDA:0,(anonymous_15)
FNDA:0,(anonymous_16)
FNDA:0,(anonymous_17)
FNDA:0,(anonymous_18)
FNDA:0,(anonymous_19)
FNDA:0,(anonymous_20)
FNDA:0,(anonymous_21)
FNDA:0,(anonymous_22)
FNDA:0,(anonymous_23)
FNDA:0,(anonymous_24)
FNDA:0,(anonymous_25)
FNDA:0,(anonymous_26)
FNDA:0,(anonymous_27)
FNDA:0,(anonymous_28)
FNDA:0,(anonymous_29)
FNDA:0,(anonymous_30)
FNDA:0,(anonymous_31)
FNDA:0,(anonymous_32)
FNDA:0,(anonymous_33)
FNDA:0,(anonymous_34)
FNDA:0,(anonymous_35)
FNDA:0,(anonymous_36)
FNDA:0,(anonymous_37)
FNDA:0,(anonymous_38)
FNDA:0,(anonymous_39)
FNDA:0,(anonymous_40)
FNDA:0,(anonymous_41)
FNDA:0,(anonymous_42)
FNDA:0,(anonymous_43)
FNDA:0,(anonymous_44)
FNDA:0,(anonymous_45)
FNDA:0,(anonymous_46)
FNDA:0,(anonymous_47)
FNDA:0,(anonymous_48)
FNDA:0,(anonymous_49)
FNDA:0,(anonymous_50)
FNDA:0,(anonymous_51)
FNDA:0,(anonymous_52)
FNDA:0,(anonymous_53)
FNDA:0,(anonymous_54)
DA:1,0
DA:2,0
DA:19,0
DA:27,0
DA:28,0
DA:36,0
DA:37,0
DA:39,0
DA:40,0
DA:41,0
DA:70,0
DA:71,0
DA:72,0
DA:73,0
DA:74,0
DA:82,0
DA:83,0
DA:84,0
DA:85,0
DA:92,0
DA:93,0
DA:94,0
DA:98,0
DA:100,0
DA:101,0
DA:102,0
DA:105,0
DA:106,0
DA:108,0
DA:110,0
DA:115,0
DA:116,0
DA:118,0
DA:119,0
DA:121,0
DA:122,0
DA:124,0
DA:125,0
DA:128,0
DA:129,0
DA:130,0
DA:133,0
DA:134,0
DA:135,0
DA:138,0
DA:141,0
DA:148,0
DA:149,0
DA:150,0
DA:154,0
DA:155,0
DA:156,0
DA:162,0
DA:163,0
DA:165,0
DA:172,0
DA:173,0
DA:174,0
DA:175,0
DA:179,0
DA:181,0
DA:184,0
DA:189,0
DA:190,0
DA:191,0
DA:192,0
DA:194,0
DA:195,0
DA:196,0
DA:198,0
DA:200,0
DA:201,0
DA:202,0
DA:204,0
DA:206,0
DA:207,0
DA:208,0
DA:211,0
DA:212,0
DA:214,0
DA:219,0
DA:220,0
DA:228,0
DA:232,0
DA:239,0
DA:248,0
DA:256,0
DA:264,0
DA:270,0
DA:279,0
DA:288,0
DA:296,0
DA:303,0
DA:310,0
DA:316,0
DA:324,0
DA:333,0
DA:340,0
DA:358,0
DA:359,0
DA:361,0
DA:369,0
DA:386,0
DA:390,0
DA:391,0
DA:392,0
DA:406,0
DA:410,0
DA:411,0
DA:430,0
DA:444,0
DA:458,0
DA:467,0
DA:479,0
DA:490,0
DA:500,0
DA:525,0
DA:527,0
DA:528,0
DA:538,0
LF:120
LH:0
BRDA:99,0,0,0
BRDA:100,1,0,0
BRDA:100,1,1,0
BRDA:100,2,0,0
BRDA:100,2,1,0
BRDA:108,3,0,0
BRDA:108,3,1,0
BRDA:115,4,0,0
BRDA:115,4,1,0
BRDA:118,5,0,0
BRDA:118,5,1,0
BRDA:121,6,0,0
BRDA:121,6,1,0
BRDA:124,7,0,0
BRDA:124,7,1,0
BRDA:128,8,0,0
BRDA:128,8,1,0
BRDA:133,9,0,0
BRDA:133,9,1,0
BRDA:148,10,0,0
BRDA:148,10,1,0
BRDA:154,11,0,0
BRDA:154,11,1,0
BRDA:155,12,0,0
BRDA:155,12,1,0
BRDA:159,13,0,0
BRDA:159,13,1,0
BRDA:173,14,0,0
BRDA:173,14,1,0
BRDA:179,15,0,0
BRDA:179,15,1,0
BRDA:192,16,0,0
BRDA:192,16,1,0
BRDA:192,16,2,0
BRDA:194,17,0,0
BRDA:194,17,1,0
BRDA:194,18,0,0
BRDA:194,18,1,0
BRDA:200,19,0,0
BRDA:200,19,1,0
BRDA:200,20,0,0
BRDA:200,20,1,0
BRDA:270,21,0,0
BRDA:270,21,1,0
BRDA:296,22,0,0
BRDA:296,22,1,0
BRDA:303,23,0,0
BRDA:303,23,1,0
BRDA:341,24,0,0
BRDA:341,24,1,0
BRDA:382,25,0,0
BRDA:382,25,1,0
BRDA:402,26,0,0
BRDA:402,26,1,0
BRDA:402,26,2,0
BRDA:421,27,0,0
BRDA:421,27,1,0
BRDA:481,28,0,0
BRDA:481,28,1,0
BRDA:481,29,0,0
BRDA:481,29,1,0
BRDA:492,30,0,0
BRDA:492,30,1,0
BRDA:492,31,0,0
BRDA:492,31,1,0
BRF:65
BRH:0
end_of_record
TN:
SF:src/components/LawDetailModal.tsx
FN:40,(anonymous_9)
FN:45,(anonymous_10)
FN:51,(anonymous_11)
FN:67,(anonymous_12)
FN:87,(anonymous_13)
FN:98,(anonymous_14)
FN:105,(anonymous_15)
FN:124,(anonymous_16)
FN:142,(anonymous_17)
FN:155,(anonymous_18)
FN:164,(anonymous_19)
FN:268,(anonymous_20)
FN:302,(anonymous_21)
FN:327,(anonymous_22)
FN:337,(anonymous_23)
FNF:15
FNH:0
FNDA:0,(anonymous_9)
FNDA:0,(anonymous_10)
FNDA:0,(anonymous_11)
FNDA:0,(anonymous_12)
FNDA:0,(anonymous_13)
FNDA:0,(anonymous_14)
FNDA:0,(anonymous_15)
FNDA:0,(anonymous_16)
FNDA:0,(anonymous_17)
FNDA:0,(anonymous_18)
FNDA:0,(anonymous_19)
FNDA:0,(anonymous_20)
FNDA:0,(anonymous_21)
FNDA:0,(anonymous_22)
FNDA:0,(anonymous_23)
DA:1,0
DA:2,0
DA:15,0
DA:24,0
DA:32,0
DA:40,0
DA:41,0
DA:42,0
DA:43,0
DA:45,0
DA:46,0
DA:47,0
DA:51,0
DA:52,0
DA:53,0
DA:56,0
DA:57,0
DA:58,0
DA:59,0
DA:61,0
DA:63,0
DA:67,0
DA:68,0
DA:69,0
DA:72,0
DA:73,0
DA:74,0
DA:75,0
DA:78,0
DA:79,0
DA:82,0
DA:83,0
DA:87,0
DA:88,0
DA:89,0
DA:92,0
DA:94,0
DA:95,0
DA:96,0
DA:97,0
DA:98,0
DA:100,0
DA:101,0
DA:105,0
DA:106,0
DA:107,0
DA:110,0
DA:112,0
DA:113,0
DA:119,0
DA:120,0
DA:124,0
DA:125,0
DA:126,0
DA:129,0
DA:130,0
DA:131,0
DA:132,0
DA:133,0
DA:134,0
DA:135,0
DA:136,0
DA:137,0
DA:138,0
DA:139,0
DA:142,0
DA:143,0
DA:152,0
DA:155,0
DA:156,0
DA:161,0
DA:164,0
DA:165,0
DA:170,0
DA:173,0
DA:174,0
DA:177,0
DA:269,0
DA:303,0
DA:328,0
DA:339,0
DA:394,0
LF:82
LH:0
BRDA:46,0,0,0
BRDA:46,0,1,0
BRDA:46,1,0,0
BRDA:46,1,1,0
BRDA:52,2,0,0
BRDA:52,2,1,0
BRDA:59,3,0,0
BRDA:59,3,1,0
BRDA:68,4,0,0
BRDA:68,4,1,0
BRDA:73,5,0,0
BRDA:73,5,1,0
BRDA:88,6,0,0
BRDA:88,6,1,0
BRDA:106,7,0,0
BRDA:106,7,1,0
BRDA:112,8,0,0
BRDA:112,8,1,0
BRDA:125,9,0,0
BRDA:125,9,1,0
BRDA:152,10,0,0
BRDA:152,10,1,0
BRDA:161,11,0,0
BRDA:161,11,1,0
BRDA:170,12,0,0
BRDA:170,12,1,0
BRDA:173,13,0,0
BRDA:173,13,1,0
BRDA:191,14,0,0
BRDA:191,14,1,0
BRDA:192,15,0,0
BRDA:192,15,1,0
BRDA:196,16,0,0
BRDA:196,16,1,0
BRDA:224,17,0,0
BRDA:224,17,1,0
BRDA:231,18,0,0
BRDA:231,18,1,0
BRDA:236,19,0,0
BRDA:236,19,1,0
BRDA:241,20,0,0
BRDA:241,20,1,0
BRDA:246,21,0,0
BRDA:246,21,1,0
BRDA:251,22,0,0
BRDA:251,22,1,0
BRDA:256,23,0,0
BRDA:256,23,1,0
BRDA:264,24,0,0
BRDA:264,24,1,0
BRDA:264,24,2,0
BRDA:295,25,0,0
BRDA:295,25,1,0
BRDA:295,25,2,0
BRDA:313,26,0,0
BRDA:313,26,1,0
BRDA:382,27,0,0
BRDA:382,27,1,0
BRDA:385,28,0,0
BRDA:385,28,1,0
BRF:60
BRH:0
end_of_record
TN:
SF:src/components/OptimizedTable.tsx
FN:44,(anonymous_9)
FN:77,(anonymous_10)
FN:85,(anonymous_11)
FN:93,(anonymous_12)
FN:103,(anonymous_13)
FN:116,(anonymous_14)
FN:121,(anonymous_15)
FN:124,(anonymous_16)
FN:133,(anonymous_17)
FN:134,(anonymous_18)
FN:139,(anonymous_19)
FN:144,(anonymous_20)
FN:155,(anonymous_21)
FN:165,(anonymous_22)
FN:193,(anonymous_23)
FN:196,(anonymous_24)
FN:197,(anonymous_25)
FN:211,(anonymous_26)
FN:213,(anonymous_27)
FN:214,(anonymous_28)
FN:230,(anonymous_29)
FNF:21
FNH:0
FNDA:0,(anonymous_9)
FNDA:0,(anonymous_10)
FNDA:0,(anonymous_11)
FNDA:0,(anonymous_12)
FNDA:0,(anonymous_13)
FNDA:0,(anonymous_14)
FNDA:0,(anonymous_15)
FNDA:0,(anonymous_16)
FNDA:0,(anonymous_17)
FNDA:0,(anonymous_18)
FNDA:0,(anonymous_19)
FNDA:0,(anonymous_20)
FNDA:0,(anonymous_21)
FNDA:0,(anonymous_22)
FNDA:0,(anonymous_23)
FNDA:0,(anonymous_24)
FNDA:0,(anonymous_25)
FNDA:0,(anonymous_26)
FNDA:0,(anonymous_27)
FNDA:0,(anonymous_28)
FNDA:0,(anonymous_29)
DA:1,0
DA:2,0
DA:3,0
DA:5,0
DA:44,0
DA:60,0
DA:67,0
DA:68,0
DA:69,0
DA:72,0
DA:73,0
DA:76,0
DA:78,0
DA:79,0
DA:80,0
DA:82,0
DA:84,0
DA:85,0
DA:88,0
DA:89,0
DA:91,0
DA:92,0
DA:93,0
DA:95,0
DA:102,0
DA:104,0
DA:110,0
DA:116,0
DA:117,0
DA:121,0
DA:123,0
DA:124,0
DA:127,0
DA:128,0
DA:133,0
DA:134,0
DA:135,0
DA:139,0
DA:140,0
DA:144,0
DA:145,0
DA:146,0
DA:147,0
DA:149,0
DA:155,0
DA:156,0
DA:157,0
DA:158,0
DA:159,0
DA:161,0
DA:165,0
DA:166,0
DA:186,0
DA:193,0
DA:197,0
DA:198,0
DA:204,0
DA:212,0
DA:213,0
DA:214,0
DA:219,0
DA:230,0
DA:264,0
LF:63
LH:0
BRDA:46,0,0,0
BRDA:47,1,0,0
BRDA:48,2,0,0
BRDA:49,3,0,0
BRDA:50,4,0,0
BRDA:52,5,0,0
BRDA:53,6,0,0
BRDA:54,7,0,0
BRDA:91,8,0,0
BRDA:91,8,1,0
BRDA:103,9,0,0
BRDA:103,10,0,0
BRDA:127,11,0,0
BRDA:127,11,1,0
BRDA:145,12,0,0
BRDA:145,12,1,0
BRDA:149,13,0,0
BRDA:149,13,1,0
BRDA:157,14,0,0
BRDA:157,14,1,0
BRDA:169,15,0,0
BRDA:169,15,1,0
BRDA:174,16,0,0
BRDA:174,16,1,0
BRDA:174,16,2,0
BRDA:186,17,0,0
BRDA:186,17,1,0
BRDA:208,18,0,0
BRDA:208,18,1,0
BRDA:212,19,0,0
BRDA:212,19,1,0
BRDA:223,20,0,0
BRDA:223,20,1,0
BRF:33
BRH:0
end_of_record
TN:
SF:src/components/PerformanceDashboard.tsx
FN:47,(anonymous_9)
FN:55,(anonymous_10)
FN:116,(anonymous_11)
FN:121,(anonymous_12)
FN:125,(anonymous_13)
FN:131,(anonymous_14)
FN:145,(anonymous_15)
FN:170,(anonymous_16)
FN:178,(anonymous_17)
FN:184,(anonymous_18)
FN:189,(anonymous_19)
FN:190,(anonymous_20)
FN:339,(anonymous_21)
FNF:13
FNH:0
FNDA:0,(anonymous_9)
FNDA:0,(anonymous_10)
FNDA:0,(anonymous_11)
FNDA:0,(anonymous_12)
FNDA:0,(anonymous_13)
FNDA:0,(anonymous_14)
FNDA:0,(anonymous_15)
FNDA:0,(anonymous_16)
FNDA:0,(anonymous_17)
FNDA:0,(anonymous_18)
FNDA:0,(anonymous_19)
FNDA:0,(anonymous_20)
FNDA:0,(anonymous_21)
DA:1,0
DA:2,0
DA:3,0
DA:11,0
DA:47,0
DA:48,0
DA:49,0
DA:50,0
DA:51,0
DA:52,0
DA:55,0
DA:56,0
DA:57,0
DA:59,0
DA:71,0
DA:74,0
DA:91,0
DA:94,0
DA:107,0
DA:109,0
DA:111,0
DA:116,0
DA:117,0
DA:120,0
DA:121,0
DA:125,0
DA:126,0
DA:127,0
DA:131,0
DA:132,0
DA:134,0
DA:136,0
DA:138,0
DA:140,0
DA:145,0
DA:146,0
DA:148,0
DA:150,0
DA:152,0
DA:154,0
DA:159,0
DA:171,0
DA:178,0
DA:184,0
DA:190,0
DA:197,0
DA:339,0
DA:380,0
LF:48
LH:0
BRDA:96,0,0,0
BRDA:96,0,1,0
BRDA:98,1,0,0
BRDA:98,1,1,0
BRDA:132,2,0,0
BRDA:132,2,1,0
BRDA:132,2,2,0
BRDA:132,2,3,0
BRDA:146,3,0,0
BRDA:146,3,1,0
BRDA:146,3,2,0
BRDA:146,3,3,0
BRDA:171,4,0,0
BRDA:171,4,1,0
BRDA:171,5,0,0
BRDA:171,5,1,0
BRDA:217,6,0,0
BRDA:217,6,1,0
BRDA:220,7,0,0
BRDA:220,7,1,0
BRDA:224,8,0,0
BRDA:224,8,1,0
BRDA:226,9,0,0
BRDA:226,9,1,0
BRDA:232,10,0,0
BRDA:232,10,1,0
BRDA:235,11,0,0
BRDA:235,11,1,0
BRDA:239,12,0,0
BRDA:239,12,1,0
BRDA:241,13,0,0
BRDA:241,13,1,0
BRDA:247,14,0,0
BRDA:247,14,1,0
BRDA:252,15,0,0
BRDA:252,15,1,0
BRDA:260,16,0,0
BRDA:260,16,1,0
BRDA:265,17,0,0
BRDA:265,17,1,0
BRDA:279,18,0,0
BRDA:279,18,1,0
BRDA:280,19,0,0
BRDA:280,19,1,0
BRDA:288,20,0,0
BRDA:288,20,1,0
BRDA:292,21,0,0
BRDA:292,21,1,0
BRDA:292,22,0,0
BRDA:292,22,1,0
BRDA:301,23,0,0
BRDA:301,23,1,0
BRDA:308,24,0,0
BRDA:308,24,1,0
BRDA:312,25,0,0
BRDA:312,25,1,0
BRDA:312,26,0,0
BRDA:312,26,1,0
BRDA:343,27,0,0
BRDA:343,27,1,0
BRDA:363,28,0,0
BRDA:363,28,1,0
BRF:62
BRH:0
end_of_record
TN:
SF:src/components/PermissionGuard.tsx
FN:24,(anonymous_1)
FN:57,(anonymous_2)
FN:86,(anonymous_3)
FN:115,(anonymous_4)
FNF:4
FNH:0
FNDA:0,(anonymous_1)
FNDA:0,(anonymous_2)
FNDA:0,(anonymous_3)
FNDA:0,(anonymous_4)
DA:1,0
DA:2,0
DA:3,0
DA:24,0
DA:29,0
DA:31,0
DA:32,0
DA:35,0
DA:57,0
DA:58,0
DA:60,0
DA:61,0
DA:64,0
DA:86,0
DA:87,0
DA:89,0
DA:90,0
DA:93,0
DA:115,0
DA:120,0
DA:122,0
DA:123,0
DA:126,0
LF:23
LH:0
BRDA:27,0,0,0
BRDA:31,1,0,0
BRDA:31,1,1,0
BRDA:57,2,0,0
BRDA:60,3,0,0
BRDA:60,3,1,0
BRDA:86,4,0,0
BRDA:89,5,0,0
BRDA:89,5,1,0
BRDA:118,6,0,0
BRDA:122,7,0,0
BRDA:122,7,1,0
BRF:12
BRH:0
end_of_record
TN:
SF:src/components/SearchHighlight.tsx
FN:10,(anonymous_1)
FN:22,(anonymous_2)
FN:52,(anonymous_3)
FN:66,(anonymous_4)
FN:87,(anonymous_5)
FN:100,(anonymous_6)
FNF:6
FNH:0
FNDA:0,(anonymous_1)
FNDA:0,(anonymous_2)
FNDA:0,(anonymous_3)
FNDA:0,(anonymous_4)
FNDA:0,(anonymous_5)
FNDA:0,(anonymous_6)
DA:1,0
DA:10,0
DA:11,0
DA:12,0
DA:16,0
DA:17,0
DA:18,0
DA:20,0
DA:23,0
DA:24,0
DA:40,0
DA:52,0
DA:57,0
DA:58,0
DA:61,0
DA:64,0
DA:65,0
DA:66,0
DA:67,0
DA:68,0
DA:71,0
DA:72,0
DA:73,0
DA:74,0
DA:79,0
DA:84,0
DA:85,0
DA:87,0
DA:88,0
DA:89,0
DA:92,0
DA:93,0
DA:96,0
DA:97,0
DA:98,0
DA:101,0
DA:102,0
DA:118,0
DA:124,0
DA:134,0
DA:137,0
LF:41
LH:0
BRDA:10,0,0,0
BRDA:11,1,0,0
BRDA:11,1,1,0
BRDA:11,2,0,0
BRDA:11,2,1,0
BRDA:23,3,0,0
BRDA:23,3,1,0
BRDA:55,4,0,0
BRDA:57,5,0,0
BRDA:57,5,1,0
BRDA:57,6,0,0
BRDA:57,6,1,0
BRDA:64,7,0,0
BRDA:64,7,1,0
BRDA:68,8,0,0
BRDA:68,8,1,0
BRDA:68,9,0,0
BRDA:68,9,1,0
BRDA:68,9,2,0
BRDA:71,10,0,0
BRDA:71,10,1,0
BRDA:75,11,0,0
BRDA:75,11,1,0
BRDA:77,12,0,0
BRDA:77,12,1,0
BRDA:88,13,0,0
BRDA:88,13,1,0
BRDA:88,14,0,0
BRDA:88,14,1,0
BRDA:96,15,0,0
BRDA:96,15,1,0
BRDA:101,16,0,0
BRDA:101,16,1,0
BRDA:126,17,0,0
BRDA:126,17,1,0
BRF:35
BRH:0
end_of_record
TN:
SF:src/components/SearchHistory.tsx
FN:40,(anonymous_10)
FN:45,(anonymous_11)
FN:49,(anonymous_12)
FN:61,(anonymous_13)
FN:71,(anonymous_14)
FN:83,(anonymous_15)
FN:93,(anonymous_16)
FN:94,(anonymous_17)
FN:99,(anonymous_18)
FN:104,(anonymous_19)
FN:167,(anonymous_20)
FN:179,(anonymous_21)
FN:189,(anonymous_22)
FN:202,(anonymous_23)
FN:247,(anonymous_24)
FN:254,(anonymous_25)
FN:267,(anonymous_26)
FN:300,(anonymous_27)
FN:301,(anonymous_28)
FN:304,(anonymous_29)
FN:316,(anonymous_30)
FNF:21
FNH:0
FNDA:0,(anonymous_10)
FNDA:0,(anonymous_11)
FNDA:0,(anonymous_12)
FNDA:0,(anonymous_13)
FNDA:0,(anonymous_14)
FNDA:0,(anonymous_15)
FNDA:0,(anonymous_16)
FNDA:0,(anonymous_17)
FNDA:0,(anonymous_18)
FNDA:0,(anonymous_19)
FNDA:0,(anonymous_20)
FNDA:0,(anonymous_21)
FNDA:0,(anonymous_22)
FNDA:0,(anonymous_23)
FNDA:0,(anonymous_24)
FNDA:0,(anonymous_25)
FNDA:0,(anonymous_26)
FNDA:0,(anonymous_27)
FNDA:0,(anonymous_28)
FNDA:0,(anonymous_29)
FNDA:0,(anonymous_30)
DA:1,0
DA:2,0
DA:15,0
DA:23,0
DA:25,0
DA:40,0
DA:41,0
DA:42,0
DA:45,0
DA:46,0
DA:49,0
DA:50,0
DA:51,0
DA:52,0
DA:53,0
DA:54,0
DA:57,0
DA:61,0
DA:62,0
DA:63,0
DA:64,0
DA:66,0
DA:71,0
DA:72,0
DA:80,0
DA:84,0
DA:89,0
DA:93,0
DA:94,0
DA:95,0
DA:99,0
DA:100,0
DA:104,0
DA:105,0
DA:107,0
DA:108,0
DA:114,0
DA:115,0
DA:121,0
DA:122,0
DA:128,0
DA:129,0
DA:135,0
DA:136,0
DA:142,0
DA:143,0
DA:149,0
DA:150,0
DA:156,0
DA:157,0
DA:164,0
DA:167,0
DA:168,0
DA:176,0
DA:179,0
DA:180,0
DA:186,0
DA:189,0
DA:190,0
DA:198,0
DA:202,0
DA:206,0
DA:248,0
DA:254,0
DA:267,0
DA:300,0
DA:301,0
DA:302,0
DA:304,0
DA:305,0
DA:306,0
DA:310,0
DA:317,0
DA:326,0
LF:74
LH:0
BRDA:40,0,0,0
BRDA:52,1,0,0
BRDA:52,1,1,0
BRDA:74,2,0,0
BRDA:74,2,1,0
BRDA:84,3,0,0
BRDA:84,3,1,0
BRDA:107,4,0,0
BRDA:107,4,1,0
BRDA:114,5,0,0
BRDA:114,5,1,0
BRDA:121,6,0,0
BRDA:121,6,1,0
BRDA:128,7,0,0
BRDA:128,7,1,0
BRDA:135,8,0,0
BRDA:135,8,1,0
BRDA:142,9,0,0
BRDA:142,9,1,0
BRDA:149,10,0,0
BRDA:149,10,1,0
BRDA:149,11,0,0
BRDA:149,11,1,0
BRDA:156,12,0,0
BRDA:156,12,1,0
BRDA:156,13,0,0
BRDA:156,13,1,0
BRDA:156,13,2,0
BRDA:164,14,0,0
BRDA:164,14,1,0
BRDA:176,15,0,0
BRDA:176,15,1,0
BRDA:186,16,0,0
BRDA:186,16,1,0
BRDA:198,17,0,0
BRDA:198,17,1,0
BRDA:226,18,0,0
BRDA:226,18,1,0
BRDA:241,19,0,0
BRDA:241,19,1,0
BRDA:275,20,0,0
BRDA:275,20,1,0
BRDA:305,21,0,0
BRDA:305,21,1,0
BRDA:317,22,0,0
BRDA:317,22,1,0
BRF:46
BRH:0
end_of_record
TN:
SF:src/components/StandardForm.tsx
FN:176,(anonymous_10)
FN:228,(anonymous_11)
FN:235,(anonymous_12)
FN:242,(anonymous_13)
FN:251,(anonymous_14)
FN:281,(anonymous_15)
FN:289,(anonymous_16)
FN:298,(anonymous_17)
FN:482,(anonymous_18)
FN:632,(anonymous_19)
FN:731,(anonymous_20)
FNF:11
FNH:0
FNDA:0,(anonymous_10)
FNDA:0,(anonymous_11)
FNDA:0,(anonymous_12)
FNDA:0,(anonymous_13)
FNDA:0,(anonymous_14)
FNDA:0,(anonymous_15)
FNDA:0,(anonymous_16)
FNDA:0,(anonymous_17)
FNDA:0,(anonymous_18)
FNDA:0,(anonymous_19)
FNDA:0,(anonymous_20)
DA:1,0
DA:2,0
DA:33,0
DA:50,0
DA:51,0
DA:53,0
DA:54,0
DA:55,0
DA:56,0
DA:57,0
DA:58,0
DA:176,0
DA:223,0
DA:224,0
DA:225,0
DA:228,0
DA:229,0
DA:230,0
DA:235,0
DA:236,0
DA:237,0
DA:238,0
DA:241,0
DA:242,0
DA:243,0
DA:244,0
DA:245,0
DA:249,0
DA:250,0
DA:251,0
DA:252,0
DA:258,0
DA:259,0
DA:261,0
DA:262,0
DA:264,0
DA:266,0
DA:268,0
DA:269,0
DA:273,0
DA:276,0
DA:281,0
DA:282,0
DA:283,0
DA:284,0
DA:289,0
DA:290,0
DA:291,0
DA:292,0
DA:294,0
DA:298,0
DA:299,0
DA:300,0
DA:303,0
DA:319,0
DA:321,0
DA:323,0
DA:338,0
DA:341,0
DA:356,0
DA:359,0
DA:371,0
DA:374,0
DA:384,0
DA:388,0
DA:403,0
DA:407,0
DA:422,0
DA:425,0
DA:437,0
DA:440,0
DA:453,0
DA:456,0
DA:469,0
DA:472,0
DA:477,0
DA:480,0
DA:483,0
DA:489,0
DA:492,0
DA:499,0
DA:502,0
DA:517,0
DA:520,0
DA:528,0
DA:531,0
DA:541,0
DA:544,0
DA:557,0
DA:560,0
DA:573,0
DA:576,0
DA:588,0
DA:595,0
DA:598,0
DA:610,0
DA:613,0
DA:624,0
DA:632,0
DA:633,0
DA:634,0
DA:637,0
DA:677,0
DA:696,0
DA:732,0
DA:755,0
LF:106
LH:0
BRDA:178,0,0,0
BRDA:179,1,0,0
BRDA:180,2,0,0
BRDA:181,3,0,0
BRDA:184,4,0,0
BRDA:185,5,0,0
BRDA:186,6,0,0
BRDA:187,7,0,0
BRDA:188,8,0,0
BRDA:189,9,0,0
BRDA:190,10,0,0
BRDA:191,11,0,0
BRDA:192,12,0,0
BRDA:193,13,0,0
BRDA:194,14,0,0
BRDA:195,15,0,0
BRDA:196,16,0,0
BRDA:197,17,0,0
BRDA:198,18,0,0
BRDA:199,19,0,0
BRDA:200,20,0,0
BRDA:201,21,0,0
BRDA:216,22,0,0
BRDA:217,23,0,0
BRDA:229,24,0,0
BRDA:229,24,1,0
BRDA:243,25,0,0
BRDA:243,25,1,0
BRDA:243,26,0,0
BRDA:243,26,1,0
BRDA:243,26,2,0
BRDA:244,27,0,0
BRDA:244,27,1,0
BRDA:244,28,0,0
BRDA:244,28,1,0
BRDA:246,29,0,0
BRDA:246,29,1,0
BRDA:249,30,0,0
BRDA:249,30,1,0
BRDA:249,31,0,0
BRDA:249,31,1,0
BRDA:250,32,0,0
BRDA:250,32,1,0
BRDA:250,33,0,0
BRDA:250,33,1,0
BRDA:252,34,0,0
BRDA:252,34,1,0
BRDA:252,35,0,0
BRDA:252,35,1,0
BRDA:258,36,0,0
BRDA:258,36,1,0
BRDA:261,37,0,0
BRDA:261,37,1,0
BRDA:266,38,0,0
BRDA:266,38,1,0
BRDA:268,39,0,0
BRDA:268,39,1,0
BRDA:273,40,0,0
BRDA:273,40,1,0
BRDA:283,41,0,0
BRDA:283,41,1,0
BRDA:291,42,0,0
BRDA:291,42,1,0
BRDA:299,43,0,0
BRDA:299,43,1,0
BRDA:307,44,0,0
BRDA:307,44,1,0
BRDA:313,45,0,0
BRDA:313,45,1,0
BRDA:314,46,0,0
BRDA:314,46,1,0
BRDA:321,47,0,0
BRDA:321,47,1,0
BRDA:321,47,2,0
BRDA:321,47,3,0
BRDA:321,47,4,0
BRDA:321,47,5,0
BRDA:321,47,6,0
BRDA:321,47,7,0
BRDA:321,47,8,0
BRDA:321,47,9,0
BRDA:321,47,10,0
BRDA:321,47,11,0
BRDA:321,47,12,0
BRDA:321,47,13,0
BRDA:321,47,14,0
BRDA:321,47,15,0
BRDA:321,47,16,0
BRDA:321,47,17,0
BRDA:321,47,18,0
BRDA:321,47,19,0
BRDA:321,47,20,0
BRDA:321,47,21,0
BRDA:325,48,0,0
BRDA:325,48,1,0
BRDA:335,49,0,0
BRDA:335,49,1,0
BRDA:343,50,0,0
BRDA:343,50,1,0
BRDA:353,51,0,0
BRDA:353,51,1,0
BRDA:361,52,0,0
BRDA:361,52,1,0
BRDA:364,53,0,0
BRDA:364,53,1,0
BRDA:368,54,0,0
BRDA:368,54,1,0
BRDA:376,55,0,0
BRDA:376,55,1,0
BRDA:381,56,0,0
BRDA:381,56,1,0
BRDA:390,57,0,0
BRDA:390,57,1,0
BRDA:392,58,0,0
BRDA:392,58,1,0
BRDA:399,59,0,0
BRDA:399,59,1,0
BRDA:409,60,0,0
BRDA:409,60,1,0
BRDA:411,61,0,0
BRDA:411,61,1,0
BRDA:411,62,0,0
BRDA:411,62,1,0
BRDA:413,63,0,0
BRDA:413,63,1,0
BRDA:418,64,0,0
BRDA:418,64,1,0
BRDA:427,65,0,0
BRDA:427,65,1,0
BRDA:428,66,0,0
BRDA:428,66,1,0
BRDA:433,67,0,0
BRDA:433,67,1,0
BRDA:443,68,0,0
BRDA:443,68,1,0
BRDA:449,69,0,0
BRDA:449,69,1,0
BRDA:459,70,0,0
BRDA:459,70,1,0
BRDA:465,71,0,0
BRDA:465,71,1,0
BRDA:473,72,0,0
BRDA:473,72,1,0
BRDA:481,73,0,0
BRDA:481,73,1,0
BRDA:494,74,0,0
BRDA:494,74,1,0
BRDA:495,75,0,0
BRDA:495,75,1,0
BRDA:504,76,0,0
BRDA:504,76,1,0
BRDA:512,77,0,0
BRDA:512,77,1,0
BRDA:522,78,0,0
BRDA:522,78,1,0
BRDA:523,79,0,0
BRDA:523,79,1,0
BRDA:524,80,0,0
BRDA:524,80,1,0
BRDA:533,81,0,0
BRDA:533,81,1,0
BRDA:534,82,0,0
BRDA:534,82,1,0
BRDA:535,83,0,0
BRDA:535,83,1,0
BRDA:536,84,0,0
BRDA:536,84,1,0
BRDA:537,85,0,0
BRDA:537,85,1,0
BRDA:546,86,0,0
BRDA:546,86,1,0
BRDA:553,87,0,0
BRDA:553,87,1,0
BRDA:562,88,0,0
BRDA:562,88,1,0
BRDA:569,89,0,0
BRDA:569,89,1,0
BRDA:578,90,0,0
BRDA:578,90,1,0
BRDA:579,91,0,0
BRDA:579,91,1,0
BRDA:583,92,0,0
BRDA:583,92,1,0
BRDA:585,93,0,0
BRDA:585,93,1,0
BRDA:590,94,0,0
BRDA:590,94,1,0
BRDA:600,95,0,0
BRDA:600,95,1,0
BRDA:606,96,0,0
BRDA:606,96,1,0
BRDA:615,97,0,0
BRDA:615,97,1,0
BRDA:619,98,0,0
BRDA:619,98,1,0
BRDA:633,99,0,0
BRDA:633,99,1,0
BRDA:633,100,0,0
BRDA:633,100,1,0
BRDA:633,100,2,0
BRDA:640,101,0,0
BRDA:640,101,1,0
BRDA:645,102,0,0
BRDA:645,102,1,0
BRDA:650,103,0,0
BRDA:650,103,1,0
BRDA:655,104,0,0
BRDA:655,104,1,0
BRDA:660,105,0,0
BRDA:660,105,1,0
BRDA:665,106,0,0
BRDA:665,106,1,0
BRDA:698,107,0,0
BRDA:698,107,1,0
BRDA:703,108,0,0
BRDA:703,108,1,0
BRDA:709,109,0,0
BRDA:709,109,1,0
BRDA:734,110,0,0
BRDA:734,110,1,0
BRDA:735,111,0,0
BRDA:735,111,1,0
BRDA:736,112,0,0
BRDA:736,112,1,0
BRDA:737,113,0,0
BRDA:737,113,1,0
BRDA:738,114,0,0
BRDA:738,114,1,0
BRDA:739,115,0,0
BRDA:739,115,1,0
BRF:230
BRH:0
end_of_record
TN:
SF:src/components/StandardList.tsx
FN:100,(anonymous_9)
FN:157,(anonymous_10)
FN:166,(anonymous_11)
FN:179,(anonymous_12)
FN:191,(anonymous_13)
FN:201,(anonymous_14)
FN:202,(anonymous_15)
FN:210,(anonymous_16)
FN:211,(anonymous_17)
FN:219,(anonymous_18)
FN:237,(anonymous_19)
FN:247,(anonymous_20)
FN:249,(anonymous_21)
FN:252,(anonymous_22)
FN:255,(anonymous_23)
FN:259,(anonymous_24)
FN:266,(anonymous_25)
FN:270,(anonymous_26)
FN:275,(anonymous_27)
FN:286,(anonymous_28)
FN:302,(anonymous_29)
FN:310,(anonymous_30)
FN:311,(anonymous_31)
FN:393,(anonymous_32)
FN:424,(anonymous_33)
FN:426,(anonymous_34)
FN:446,(anonymous_35)
FN:478,(anonymous_36)
FN:483,(anonymous_37)
FN:491,(anonymous_38)
FN:493,(anonymous_39)
FN:503,(anonymous_40)
FNF:32
FNH:0
FNDA:0,(anonymous_9)
FNDA:0,(anonymous_10)
FNDA:0,(anonymous_11)
FNDA:0,(anonymous_12)
FNDA:0,(anonymous_13)
FNDA:0,(anonymous_14)
FNDA:0,(anonymous_15)
FNDA:0,(anonymous_16)
FNDA:0,(anonymous_17)
FNDA:0,(anonymous_18)
FNDA:0,(anonymous_19)
FNDA:0,(anonymous_20)
FNDA:0,(anonymous_21)
FNDA:0,(anonymous_22)
FNDA:0,(anonymous_23)
FNDA:0,(anonymous_24)
FNDA:0,(anonymous_25)
FNDA:0,(anonymous_26)
FNDA:0,(anonymous_27)
FNDA:0,(anonymous_28)
FNDA:0,(anonymous_29)
FNDA:0,(anonymous_30)
FNDA:0,(anonymous_31)
FNDA:0,(anonymous_32)
FNDA:0,(anonymous_33)
FNDA:0,(anonymous_34)
FNDA:0,(anonymous_35)
FNDA:0,(anonymous_36)
FNDA:0,(anonymous_37)
FNDA:0,(anonymous_38)
FNDA:0,(anonymous_39)
FNDA:0,(anonymous_40)
DA:1,0
DA:2,0
DA:24,0
DA:39,0
DA:41,0
DA:42,0
DA:43,0
DA:100,0
DA:128,0
DA:129,0
DA:130,0
DA:131,0
DA:132,0
DA:135,0
DA:148,0
DA:156,0
DA:158,0
DA:159,0
DA:165,0
DA:167,0
DA:168,0
DA:169,0
DA:171,0
DA:172,0
DA:178,0
DA:180,0
DA:181,0
DA:182,0
DA:183,0
DA:184,0
DA:187,0
DA:188,0
DA:189,0
DA:191,0
DA:193,0
DA:194,0
DA:200,0
DA:202,0
DA:203,0
DA:204,0
DA:210,0
DA:211,0
DA:213,0
DA:214,0
DA:216,0
DA:219,0
DA:220,0
DA:221,0
DA:226,0
DA:227,0
DA:228,0
DA:232,0
DA:237,0
DA:238,0
DA:239,0
DA:242,0
DA:243,0
DA:247,0
DA:248,0
DA:249,0
DA:266,0
DA:267,0
DA:271,0
DA:272,0
DA:276,0
DA:277,0
DA:287,0
DA:288,0
DA:302,0
DA:310,0
DA:311,0
DA:394,0
DA:416,0
DA:424,0
DA:427,0
DA:428,0
DA:429,0
DA:435,0
DA:446,0
DA:478,0
DA:484,0
DA:491,0
DA:494,0
DA:504,0
DA:505,0
DA:506,0
DA:507,0
DA:551,0
LF:88
LH:0
BRDA:102,0,0,0
BRDA:105,1,0,0
BRDA:106,2,0,0
BRDA:107,3,0,0
BRDA:108,4,0,0
BRDA:109,5,0,0
BRDA:110,6,0,0
BRDA:111,7,0,0
BRDA:119,8,0,0
BRDA:120,9,0,0
BRDA:123,10,0,0
BRDA:124,11,0,0
BRDA:125,12,0,0
BRDA:168,13,0,0
BRDA:168,13,1,0
BRDA:168,14,0,0
BRDA:168,14,1,0
BRDA:168,14,2,0
BRDA:180,15,0,0
BRDA:180,15,1,0
BRDA:181,16,0,0
BRDA:181,16,1,0
BRDA:188,17,0,0
BRDA:188,17,1,0
BRDA:202,18,0,0
BRDA:202,18,1,0
BRDA:213,19,0,0
BRDA:213,19,1,0
BRDA:216,20,0,0
BRDA:216,20,1,0
BRDA:216,20,2,0
BRDA:216,20,3,0
BRDA:220,21,0,0
BRDA:220,21,1,0
BRDA:227,22,0,0
BRDA:227,22,1,0
BRDA:227,23,0,0
BRDA:227,23,1,0
BRDA:238,24,0,0
BRDA:238,24,1,0
BRDA:238,25,0,0
BRDA:238,25,1,0
BRDA:269,26,0,0
BRDA:269,26,1,0
BRDA:269,27,0,0
BRDA:269,27,1,0
BRDA:271,28,0,0
BRDA:271,28,1,0
BRDA:276,29,0,0
BRDA:276,29,1,0
BRDA:307,30,0,0
BRDA:307,30,1,0
BRDA:318,31,0,0
BRDA:318,31,1,0
BRDA:320,32,0,0
BRDA:320,32,1,0
BRDA:324,33,0,0
BRDA:324,33,1,0
BRDA:324,34,0,0
BRDA:324,34,1,0
BRDA:326,35,0,0
BRDA:326,35,1,0
BRDA:326,36,0,0
BRDA:326,36,1,0
BRDA:328,37,0,0
BRDA:328,37,1,0
BRDA:328,38,0,0
BRDA:328,38,1,0
BRDA:330,39,0,0
BRDA:330,39,1,0
BRDA:330,40,0,0
BRDA:330,40,1,0
BRDA:334,41,0,0
BRDA:334,41,1,0
BRDA:334,42,0,0
BRDA:334,42,1,0
BRDA:336,43,0,0
BRDA:336,43,1,0
BRDA:336,44,0,0
BRDA:336,44,1,0
BRDA:338,45,0,0
BRDA:338,45,1,0
BRDA:338,46,0,0
BRDA:338,46,1,0
BRDA:340,47,0,0
BRDA:340,47,1,0
BRDA:340,48,0,0
BRDA:340,48,1,0
BRDA:361,49,0,0
BRDA:361,49,1,0
BRDA:363,50,0,0
BRDA:363,50,1,0
BRDA:363,51,0,0
BRDA:363,51,1,0
BRDA:366,52,0,0
BRDA:366,52,1,0
BRDA:375,53,0,0
BRDA:375,53,1,0
BRDA:381,54,0,0
BRDA:381,54,1,0
BRDA:386,55,0,0
BRDA:386,55,1,0
BRDA:391,56,0,0
BRDA:391,56,1,0
BRDA:391,56,2,0
BRDA:404,57,0,0
BRDA:404,57,1,0
BRDA:409,58,0,0
BRDA:409,58,1,0
BRDA:410,59,0,0
BRDA:410,59,1,0
BRDA:416,60,0,0
BRDA:416,60,1,0
BRDA:428,61,0,0
BRDA:428,61,1,0
BRDA:437,62,0,0
BRDA:437,62,1,0
BRDA:439,63,0,0
BRDA:439,63,1,0
BRDA:442,64,0,0
BRDA:442,64,1,0
BRDA:444,65,0,0
BRDA:444,65,1,0
BRDA:445,66,0,0
BRDA:445,66,1,0
BRDA:452,67,0,0
BRDA:452,67,1,0
BRDA:466,68,0,0
BRDA:466,68,1,0
BRDA:468,69,0,0
BRDA:468,69,1,0
BRDA:468,69,2,0
BRDA:470,70,0,0
BRDA:470,70,1,0
BRDA:482,71,0,0
BRDA:482,71,1,0
BRDA:519,72,0,0
BRDA:519,72,1,0
BRDA:523,73,0,0
BRDA:523,73,1,0
BRDA:525,74,0,0
BRDA:525,74,1,0
BRDA:535,75,0,0
BRDA:535,75,1,0
BRDA:538,76,0,0
BRDA:538,76,1,0
BRDA:538,76,2,0
BRF:147
BRH:0
end_of_record
TN:
SF:src/components/StandardTable.tsx
FN:117,(anonymous_9)
FN:160,(anonymous_10)
FN:186,(anonymous_11)
FN:195,(anonymous_12)
FN:208,(anonymous_13)
FN:216,(anonymous_14)
FN:231,(anonymous_15)
FN:232,(anonymous_16)
FN:232,(anonymous_17)
FN:236,(anonymous_18)
FN:237,(anonymous_19)
FN:241,(anonymous_20)
FN:261,(anonymous_21)
FN:271,(anonymous_22)
FN:273,(anonymous_23)
FN:274,(anonymous_24)
FN:295,(anonymous_25)
FN:349,(anonymous_26)
FN:351,(anonymous_27)
FN:354,(anonymous_28)
FN:357,(anonymous_29)
FN:364,(anonymous_30)
FN:366,(anonymous_31)
FN:370,(anonymous_32)
FN:380,(anonymous_33)
FN:382,(anonymous_34)
FN:385,(anonymous_35)
FN:388,(anonymous_36)
FN:404,(anonymous_37)
FN:406,(anonymous_38)
FN:458,(anonymous_39)
FN:465,(anonymous_40)
FN:473,(anonymous_41)
FN:475,(anonymous_42)
FN:487,(anonymous_43)
FN:552,(anonymous_44)
FN:553,(anonymous_45)
FN:554,(anonymous_46)
FNF:38
FNH:0
FNDA:0,(anonymous_9)
FNDA:0,(anonymous_10)
FNDA:0,(anonymous_11)
FNDA:0,(anonymous_12)
FNDA:0,(anonymous_13)
FNDA:0,(anonymous_14)
FNDA:0,(anonymous_15)
FNDA:0,(anonymous_16)
FNDA:0,(anonymous_17)
FNDA:0,(anonymous_18)
FNDA:0,(anonymous_19)
FNDA:0,(anonymous_20)
FNDA:0,(anonymous_21)
FNDA:0,(anonymous_22)
FNDA:0,(anonymous_23)
FNDA:0,(anonymous_24)
FNDA:0,(anonymous_25)
FNDA:0,(anonymous_26)
FNDA:0,(anonymous_27)
FNDA:0,(anonymous_28)
FNDA:0,(anonymous_29)
FNDA:0,(anonymous_30)
FNDA:0,(anonymous_31)
FNDA:0,(anonymous_32)
FNDA:0,(anonymous_33)
FNDA:0,(anonymous_34)
FNDA:0,(anonymous_35)
FNDA:0,(anonymous_36)
FNDA:0,(anonymous_37)
FNDA:0,(anonymous_38)
FNDA:0,(anonymous_39)
FNDA:0,(anonymous_40)
FNDA:0,(anonymous_41)
FNDA:0,(anonymous_42)
FNDA:0,(anonymous_43)
FNDA:0,(anonymous_44)
FNDA:0,(anonymous_45)
FNDA:0,(anonymous_46)
DA:1,0
DA:2,0
DA:25,0
DA:46,0
DA:48,0
DA:49,0
DA:50,0
DA:117,0
DA:152,0
DA:153,0
DA:154,0
DA:155,0
DA:156,0
DA:157,0
DA:158,0
DA:159,0
DA:160,0
DA:164,0
DA:177,0
DA:185,0
DA:187,0
DA:188,0
DA:194,0
DA:196,0
DA:197,0
DA:198,0
DA:200,0
DA:201,0
DA:207,0
DA:209,0
DA:210,0
DA:216,0
DA:217,0
DA:218,0
DA:219,0
DA:220,0
DA:223,0
DA:224,0
DA:227,0
DA:231,0
DA:232,0
DA:236,0
DA:237,0
DA:239,0
DA:240,0
DA:241,0
DA:242,0
DA:244,0
DA:245,0
DA:250,0
DA:251,0
DA:252,0
DA:256,0
DA:261,0
DA:262,0
DA:263,0
DA:266,0
DA:267,0
DA:271,0
DA:272,0
DA:273,0
DA:275,0
DA:291,0
DA:292,0
DA:295,0
DA:297,0
DA:298,0
DA:302,0
DA:303,0
DA:304,0
DA:308,0
DA:309,0
DA:313,0
DA:314,0
DA:318,0
DA:323,0
DA:327,0
DA:328,0
DA:332,0
DA:333,0
DA:340,0
DA:344,0
DA:349,0
DA:350,0
DA:351,0
DA:364,0
DA:365,0
DA:367,0
DA:370,0
DA:380,0
DA:381,0
DA:382,0
DA:385,0
DA:388,0
DA:396,0
DA:404,0
DA:407,0
DA:408,0
DA:409,0
DA:416,0
DA:426,0
DA:458,0
DA:466,0
DA:473,0
DA:476,0
DA:488,0
DA:489,0
DA:490,0
DA:491,0
DA:552,0
DA:553,0
DA:554,0
DA:582,0
LF:113
LH:0
BRDA:120,0,0,0
BRDA:123,1,0,0
BRDA:124,2,0,0
BRDA:125,3,0,0
BRDA:126,4,0,0
BRDA:127,5,0,0
BRDA:128,6,0,0
BRDA:129,7,0,0
BRDA:136,8,0,0
BRDA:137,9,0,0
BRDA:140,10,0,0
BRDA:141,11,0,0
BRDA:142,12,0,0
BRDA:143,13,0,0
BRDA:144,14,0,0
BRDA:147,15,0,0
BRDA:148,16,0,0
BRDA:149,17,0,0
BRDA:197,18,0,0
BRDA:197,18,1,0
BRDA:197,19,0,0
BRDA:197,19,1,0
BRDA:197,19,2,0
BRDA:217,20,0,0
BRDA:217,20,1,0
BRDA:219,21,0,0
BRDA:219,21,1,0
BRDA:223,22,0,0
BRDA:223,22,1,0
BRDA:232,23,0,0
BRDA:232,23,1,0
BRDA:239,24,0,0
BRDA:239,24,1,0
BRDA:244,25,0,0
BRDA:244,25,1,0
BRDA:251,26,0,0
BRDA:251,26,1,0
BRDA:251,27,0,0
BRDA:251,27,1,0
BRDA:262,28,0,0
BRDA:262,28,1,0
BRDA:262,29,0,0
BRDA:262,29,1,0
BRDA:278,30,0,0
BRDA:278,30,1,0
BRDA:291,31,0,0
BRDA:291,31,1,0
BRDA:297,32,0,0
BRDA:297,32,1,0
BRDA:297,33,0,0
BRDA:297,33,1,0
BRDA:302,34,0,0
BRDA:302,34,1,0
BRDA:302,35,0,0
BRDA:302,35,1,0
BRDA:303,36,0,0
BRDA:303,36,1,0
BRDA:303,37,0,0
BRDA:303,37,1,0
BRDA:308,38,0,0
BRDA:308,38,1,0
BRDA:308,39,0,0
BRDA:308,39,1,0
BRDA:313,40,0,0
BRDA:313,40,1,0
BRDA:313,41,0,0
BRDA:313,41,1,0
BRDA:318,42,0,0
BRDA:318,42,1,0
BRDA:319,43,0,0
BRDA:319,43,1,0
BRDA:319,43,2,0
BRDA:323,44,0,0
BRDA:323,44,1,0
BRDA:327,45,0,0
BRDA:327,45,1,0
BRDA:327,46,0,0
BRDA:327,46,1,0
BRDA:328,47,0,0
BRDA:328,47,1,0
BRDA:332,48,0,0
BRDA:332,48,1,0
BRDA:333,49,0,0
BRDA:333,49,1,0
BRDA:340,50,0,0
BRDA:340,50,1,0
BRDA:370,51,0,0
BRDA:370,51,1,0
BRDA:396,52,0,0
BRDA:396,52,1,0
BRDA:408,53,0,0
BRDA:408,53,1,0
BRDA:416,54,0,0
BRDA:416,54,1,0
BRDA:420,55,0,0
BRDA:420,55,1,0
BRDA:428,56,0,0
BRDA:428,56,1,0
BRDA:430,57,0,0
BRDA:430,57,1,0
BRDA:433,58,0,0
BRDA:433,58,1,0
BRDA:450,59,0,0
BRDA:450,59,1,0
BRDA:464,60,0,0
BRDA:464,60,1,0
BRDA:498,61,0,0
BRDA:498,61,1,0
BRDA:504,62,0,0
BRDA:504,62,1,0
BRDA:511,63,0,0
BRDA:511,63,1,0
BRDA:520,64,0,0
BRDA:520,64,1,0
BRDA:529,65,0,0
BRDA:529,65,1,0
BRDA:531,66,0,0
BRDA:531,66,1,0
BRDA:535,67,0,0
BRDA:535,67,1,0
BRDA:543,68,0,0
BRDA:543,68,1,0
BRDA:551,69,0,0
BRDA:551,69,1,0
BRDA:553,70,0,0
BRDA:553,70,1,0
BRDA:554,71,0,0
BRDA:554,71,1,0
BRDA:555,72,0,0
BRDA:555,72,1,0
BRDA:566,73,0,0
BRDA:566,73,1,0
BRDA:569,74,0,0
BRDA:569,74,1,0
BRDA:569,74,2,0
BRF:135
BRH:0
end_of_record
TN:
SF:src/components/TimeTracker.tsx
FN:55,(anonymous_10)
FN:92,(anonymous_11)
FN:136,(anonymous_12)
FN:138,(anonymous_13)
FN:139,(anonymous_14)
FN:147,(anonymous_15)
FN:155,(anonymous_16)
FN:176,(anonymous_17)
FN:198,(anonymous_18)
FN:206,(anonymous_19)
FN:213,(anonymous_20)
FN:227,(anonymous_21)
FN:228,(anonymous_22)
FN:233,(anonymous_23)
FN:247,(anonymous_24)
FN:258,(anonymous_25)
FN:259,(anonymous_26)
FN:259,(anonymous_27)
FN:264,(anonymous_28)
FN:265,(anonymous_29)
FN:266,(anonymous_30)
FN:273,(anonymous_31)
FN:275,(anonymous_32)
FN:276,(anonymous_33)
FN:277,(anonymous_34)
FN:279,(anonymous_35)
FN:280,(anonymous_36)
FN:307,(anonymous_37)
FN:314,(anonymous_38)
FN:321,(anonymous_39)
FN:328,(anonymous_40)
FN:337,(anonymous_41)
FN:345,(anonymous_42)
FN:349,(anonymous_43)
FN:352,(anonymous_44)
FN:412,(anonymous_45)
FN:438,(anonymous_46)
FN:456,(anonymous_47)
FN:466,(anonymous_48)
FN:471,(anonymous_49)
FN:478,(anonymous_50)
FN:492,(anonymous_51)
FNF:42
FNH:0
FNDA:0,(anonymous_10)
FNDA:0,(anonymous_11)
FNDA:0,(anonymous_12)
FNDA:0,(anonymous_13)
FNDA:0,(anonymous_14)
FNDA:0,(anonymous_15)
FNDA:0,(anonymous_16)
FNDA:0,(anonymous_17)
FNDA:0,(anonymous_18)
FNDA:0,(anonymous_19)
FNDA:0,(anonymous_20)
FNDA:0,(anonymous_21)
FNDA:0,(anonymous_22)
FNDA:0,(anonymous_23)
FNDA:0,(anonymous_24)
FNDA:0,(anonymous_25)
FNDA:0,(anonymous_26)
FNDA:0,(anonymous_27)
FNDA:0,(anonymous_28)
FNDA:0,(anonymous_29)
FNDA:0,(anonymous_30)
FNDA:0,(anonymous_31)
FNDA:0,(anonymous_32)
FNDA:0,(anonymous_33)
FNDA:0,(anonymous_34)
FNDA:0,(anonymous_35)
FNDA:0,(anonymous_36)
FNDA:0,(anonymous_37)
FNDA:0,(anonymous_38)
FNDA:0,(anonymous_39)
FNDA:0,(anonymous_40)
FNDA:0,(anonymous_41)
FNDA:0,(anonymous_42)
FNDA:0,(anonymous_43)
FNDA:0,(anonymous_44)
FNDA:0,(anonymous_45)
FNDA:0,(anonymous_46)
FNDA:0,(anonymous_47)
FNDA:0,(anonymous_48)
FNDA:0,(anonymous_49)
FNDA:0,(anonymous_50)
FNDA:0,(anonymous_51)
DA:1,0
DA:2,0
DA:19,0
DA:28,0
DA:30,0
DA:31,0
DA:32,0
DA:55,0
DA:56,0
DA:57,0
DA:58,0
DA:59,0
DA:60,0
DA:65,0
DA:66,0
DA:67,0
DA:68,0
DA:69,0
DA:72,0
DA:84,0
DA:92,0
DA:94,0
DA:99,0
DA:102,0
DA:132,0
DA:136,0
DA:137,0
DA:138,0
DA:139,0
DA:142,0
DA:143,0
DA:147,0
DA:148,0
DA:149,0
DA:155,0
DA:156,0
DA:157,0
DA:158,0
DA:160,0
DA:161,0
DA:162,0
DA:165,0
DA:166,0
DA:171,0
DA:172,0
DA:176,0
DA:177,0
DA:178,0
DA:181,0
DA:184,0
DA:192,0
DA:193,0
DA:194,0
DA:198,0
DA:199,0
DA:200,0
DA:201,0
DA:202,0
DA:206,0
DA:207,0
DA:208,0
DA:210,0
DA:213,0
DA:225,0
DA:227,0
DA:228,0
DA:230,0
DA:233,0
DA:234,0
DA:237,0
DA:238,0
DA:239,0
DA:241,0
DA:243,0
DA:247,0
DA:248,0
DA:249,0
DA:254,0
DA:258,0
DA:259,0
DA:260,0
DA:264,0
DA:265,0
DA:266,0
DA:268,0
DA:272,0
DA:273,0
DA:275,0
DA:276,0
DA:277,0
DA:279,0
DA:280,0
DA:283,0
DA:307,0
DA:314,0
DA:321,0
DA:329,0
DA:330,0
DA:338,0
DA:345,0
DA:349,0
DA:352,0
DA:364,0
DA:413,0
DA:438,0
DA:456,0
DA:467,0
DA:468,0
DA:469,0
DA:471,0
DA:479,0
DA:493,0
DA:548,0
LF:113
LH:0
BRDA:137,0,0,0
BRDA:137,0,1,0
BRDA:137,1,0,0
BRDA:137,1,1,0
BRDA:142,2,0,0
BRDA:142,2,1,0
BRDA:148,3,0,0
BRDA:148,3,1,0
BRDA:156,4,0,0
BRDA:156,4,1,0
BRDA:160,5,0,0
BRDA:160,5,1,0
BRDA:177,6,0,0
BRDA:177,6,1,0
BRDA:213,7,0,0
BRDA:213,7,1,0
BRDA:220,8,0,0
BRDA:220,8,1,0
BRDA:225,9,0,0
BRDA:225,9,1,0
BRDA:228,10,0,0
BRDA:228,10,1,0
BRDA:266,11,0,0
BRDA:266,11,1,0
BRDA:339,12,0,0
BRDA:339,12,1,0
BRDA:427,13,0,0
BRDA:427,13,1,0
BRDA:464,14,0,0
BRDA:464,14,1,0
BRF:30
BRH:0
end_of_record
TN:
SF:src/components/auth/ProtectedRoute.tsx
FN:10,(anonymous_1)
FNF:1
FNH:0
FNDA:0,(anonymous_1)
DA:6,0
DA:7,0
DA:8,0
DA:10,0
DA:11,0
DA:13,0
DA:14,0
DA:17,0
DA:20,0
LF:9
LH:0
BRDA:13,0,0,0
BRDA:13,0,1,0
BRF:2
BRH:0
end_of_record
TN:
SF:src/components/auth/PublicRoute.tsx
FN:10,(anonymous_1)
FNF:1
FNH:0
FNDA:0,(anonymous_1)
DA:6,0
DA:7,0
DA:8,0
DA:10,0
DA:11,0
DA:13,0
DA:15,0
DA:18,0
DA:21,0
LF:9
LH:0
BRDA:13,0,0,0
BRDA:13,0,1,0
BRF:2
BRH:0
end_of_record
TN:
SF:src/components/case/CompactCaseForm.tsx
FN:68,(anonymous_10)
FN:82,(anonymous_11)
FN:101,(anonymous_12)
FN:109,(anonymous_13)
FN:117,(anonymous_14)
FN:129,(anonymous_15)
FN:192,(anonymous_16)
FN:193,(anonymous_17)
FN:223,(anonymous_18)
FN:229,(anonymous_19)
FN:235,(anonymous_20)
FN:248,(anonymous_21)
FN:254,(anonymous_22)
FN:258,(anonymous_23)
FN:269,(anonymous_24)
FN:273,(anonymous_25)
FN:280,(anonymous_26)
FN:297,(anonymous_27)
FN:298,(anonymous_28)
FN:311,(anonymous_29)
FN:312,(anonymous_30)
FN:321,(anonymous_31)
FN:329,(anonymous_32)
FN:346,(anonymous_33)
FN:350,(anonymous_34)
FN:359,(anonymous_35)
FN:373,(anonymous_36)
FN:379,(anonymous_37)
FN:385,(anonymous_38)
FN:396,(anonymous_39)
FN:397,(anonymous_40)
FN:403,(anonymous_41)
FN:409,(anonymous_42)
FN:418,(anonymous_43)
FN:438,(anonymous_44)
FN:441,(anonymous_45)
FN:453,(anonymous_46)
FN:458,(anonymous_47)
FN:474,(anonymous_48)
FN:479,(anonymous_49)
FN:494,(anonymous_50)
FN:521,(anonymous_51)
FN:545,(anonymous_52)
FN:567,(anonymous_53)
FN:571,(anonymous_54)
FN:573,(anonymous_55)
FN:632,(anonymous_56)
FN:636,(anonymous_57)
FN:646,(anonymous_58)
FN:647,(anonymous_59)
FN:663,(anonymous_60)
FN:670,(anonymous_61)
FN:686,(anonymous_62)
FN:693,(anonymous_63)
FN:698,(anonymous_64)
FN:708,(anonymous_65)
FN:713,(anonymous_66)
FN:730,(anonymous_67)
FN:731,(anonymous_68)
FN:738,(anonymous_69)
FN:764,(anonymous_70)
FN:856,(anonymous_71)
FN:929,(anonymous_72)
FNF:63
FNH:0
FNDA:0,(anonymous_10)
FNDA:0,(anonymous_11)
FNDA:0,(anonymous_12)
FNDA:0,(anonymous_13)
FNDA:0,(anonymous_14)
FNDA:0,(anonymous_15)
FNDA:0,(anonymous_16)
FNDA:0,(anonymous_17)
FNDA:0,(anonymous_18)
FNDA:0,(anonymous_19)
FNDA:0,(anonymous_20)
FNDA:0,(anonymous_21)
FNDA:0,(anonymous_22)
FNDA:0,(anonymous_23)
FNDA:0,(anonymous_24)
FNDA:0,(anonymous_25)
FNDA:0,(anonymous_26)
FNDA:0,(anonymous_27)
FNDA:0,(anonymous_28)
FNDA:0,(anonymous_29)
FNDA:0,(anonymous_30)
FNDA:0,(anonymous_31)
FNDA:0,(anonymous_32)
FNDA:0,(anonymous_33)
FNDA:0,(anonymous_34)
FNDA:0,(anonymous_35)
FNDA:0,(anonymous_36)
FNDA:0,(anonymous_37)
FNDA:0,(anonymous_38)
FNDA:0,(anonymous_39)
FNDA:0,(anonymous_40)
FNDA:0,(anonymous_41)
FNDA:0,(anonymous_42)
FNDA:0,(anonymous_43)
FNDA:0,(anonymous_44)
FNDA:0,(anonymous_45)
FNDA:0,(anonymous_46)
FNDA:0,(anonymous_47)
FNDA:0,(anonymous_48)
FNDA:0,(anonymous_49)
FNDA:0,(anonymous_50)
FNDA:0,(anonymous_51)
FNDA:0,(anonymous_52)
FNDA:0,(anonymous_53)
FNDA:0,(anonymous_54)
FNDA:0,(anonymous_55)
FNDA:0,(anonymous_56)
FNDA:0,(anonymous_57)
FNDA:0,(anonymous_58)
FNDA:0,(anonymous_59)
FNDA:0,(anonymous_60)
FNDA:0,(anonymous_61)
FNDA:0,(anonymous_62)
FNDA:0,(anonymous_63)
FNDA:0,(anonymous_64)
FNDA:0,(anonymous_65)
FNDA:0,(anonymous_66)
FNDA:0,(anonymous_67)
FNDA:0,(anonymous_68)
FNDA:0,(anonymous_69)
FNDA:0,(anonymous_70)
FNDA:0,(anonymous_71)
FNDA:0,(anonymous_72)
DA:6,0
DA:7,0
DA:22,0
DA:36,0
DA:37,0
DA:38,0
DA:39,0
DA:40,0
DA:53,0
DA:60,0
DA:62,0
DA:63,0
DA:68,0
DA:69,0
DA:70,0
DA:71,0
DA:72,0
DA:73,0
DA:76,0
DA:82,0
DA:100,0
DA:101,0
DA:108,0
DA:109,0
DA:116,0
DA:117,0
DA:125,0
DA:126,0
DA:129,0
DA:182,0
DA:183,0
DA:184,0
DA:187,0
DA:192,0
DA:193,0
DA:194,0
DA:195,0
DA:196,0
DA:197,0
DA:199,0
DA:200,0
DA:201,0
DA:202,0
DA:203,0
DA:204,0
DA:205,0
DA:206,0
DA:207,0
DA:208,0
DA:209,0
DA:212,0
DA:213,0
DA:216,0
DA:217,0
DA:218,0
DA:221,0
DA:222,0
DA:223,0
DA:229,0
DA:230,0
DA:231,0
DA:235,0
DA:239,0
DA:242,0
DA:248,0
DA:249,0
DA:250,0
DA:251,0
DA:254,0
DA:255,0
DA:258,0
DA:259,0
DA:260,0
DA:269,0
DA:270,0
DA:271,0
DA:272,0
DA:273,0
DA:276,0
DA:278,0
DA:280,0
DA:281,0
DA:283,0
DA:297,0
DA:298,0
DA:311,0
DA:312,0
DA:321,0
DA:322,0
DA:323,0
DA:326,0
DA:328,0
DA:329,0
DA:338,0
DA:345,0
DA:347,0
DA:350,0
DA:351,0
DA:352,0
DA:353,0
DA:354,0
DA:355,0
DA:359,0
DA:364,0
DA:372,0
DA:374,0
DA:379,0
DA:385,0
DA:386,0
DA:395,0
DA:397,0
DA:398,0
DA:399,0
DA:402,0
DA:403,0
DA:406,0
DA:407,0
DA:409,0
DA:410,0
DA:411,0
DA:412,0
DA:413,0
DA:418,0
DA:430,0
DA:438,0
DA:439,0
DA:440,0
DA:441,0
DA:449,0
DA:451,0
DA:452,0
DA:453,0
DA:454,0
DA:458,0
DA:466,0
DA:473,0
DA:475,0
DA:476,0
DA:479,0
DA:488,0
DA:490,0
DA:491,0
DA:492,0
DA:493,0
DA:494,0
DA:503,0
DA:508,0
DA:509,0
DA:510,0
DA:514,0
DA:515,0
DA:518,0
DA:521,0
DA:530,0
DA:531,0
DA:532,0
DA:534,0
DA:535,0
DA:538,0
DA:540,0
DA:544,0
DA:545,0
DA:555,0
DA:556,0
DA:557,0
DA:567,0
DA:568,0
DA:572,0
DA:573,0
DA:624,0
DA:632,0
DA:633,0
DA:637,0
DA:645,0
DA:647,0
DA:655,0
DA:663,0
DA:664,0
DA:670,0
DA:686,0
DA:693,0
DA:697,0
DA:698,0
DA:701,0
DA:702,0
DA:705,0
DA:709,0
DA:713,0
DA:730,0
DA:731,0
DA:732,0
DA:733,0
DA:736,0
DA:739,0
DA:740,0
DA:741,0
DA:744,0
DA:764,0
DA:765,0
DA:766,0
DA:769,0
DA:776,0
DA:794,0
DA:807,0
DA:856,0
DA:929,0
DA:964,0
LF:207
LH:0
BRDA:85,0,0,0
BRDA:86,1,0,0
BRDA:87,2,0,0
BRDA:90,3,0,0
BRDA:91,4,0,0
BRDA:92,5,0,0
BRDA:93,6,0,0
BRDA:95,7,0,0
BRDA:96,8,0,0
BRDA:97,9,0,0
BRDA:126,10,0,0
BRDA:126,10,1,0
BRDA:130,11,0,0
BRDA:130,11,1,0
BRDA:133,12,0,0
BRDA:133,12,1,0
BRDA:199,13,0,0
BRDA:199,13,1,0
BRDA:202,14,0,0
BRDA:202,14,1,0
BRDA:205,15,0,0
BRDA:205,15,1,0
BRDA:207,16,0,0
BRDA:207,16,1,0
BRDA:208,17,0,0
BRDA:208,17,1,0
BRDA:230,18,0,0
BRDA:230,18,1,0
BRDA:249,19,0,0
BRDA:249,19,1,0
BRDA:249,20,0,0
BRDA:249,20,1,0
BRDA:250,21,0,0
BRDA:250,21,1,0
BRDA:259,22,0,0
BRDA:259,22,1,0
BRDA:273,23,0,0
BRDA:273,23,1,0
BRDA:273,23,2,0
BRDA:278,24,0,0
BRDA:278,24,1,0
BRDA:289,25,0,0
BRDA:289,25,1,0
BRDA:302,26,0,0
BRDA:302,26,1,0
BRDA:304,27,0,0
BRDA:304,27,1,0
BRDA:307,28,0,0
BRDA:307,28,1,0
BRDA:308,29,0,0
BRDA:308,29,1,0
BRDA:322,30,0,0
BRDA:322,30,1,0
BRDA:322,31,0,0
BRDA:322,31,1,0
BRDA:351,32,0,0
BRDA:351,32,1,0
BRDA:351,33,0,0
BRDA:351,33,1,0
BRDA:353,34,0,0
BRDA:353,34,1,0
BRDA:398,35,0,0
BRDA:398,35,1,0
BRDA:403,36,0,0
BRDA:403,36,1,0
BRDA:411,37,0,0
BRDA:411,37,1,0
BRDA:411,38,0,0
BRDA:411,38,1,0
BRDA:411,38,2,0
BRDA:425,39,0,0
BRDA:425,39,1,0
BRDA:452,40,0,0
BRDA:452,40,1,0
BRDA:474,41,0,0
BRDA:475,42,0,0
BRDA:475,42,1,0
BRDA:475,43,0,0
BRDA:475,43,1,0
BRDA:490,44,0,0
BRDA:490,44,1,0
BRDA:492,45,0,0
BRDA:492,45,1,0
BRDA:509,46,0,0
BRDA:509,46,1,0
BRDA:514,47,0,0
BRDA:514,47,1,0
BRDA:530,48,0,0
BRDA:530,48,1,0
BRDA:534,49,0,0
BRDA:534,49,1,0
BRDA:538,50,0,0
BRDA:538,50,1,0
BRDA:544,51,0,0
BRDA:544,51,1,0
BRDA:555,52,0,0
BRDA:555,52,1,0
BRDA:577,53,0,0
BRDA:577,53,1,0
BRDA:651,54,0,0
BRDA:651,54,1,0
BRDA:671,55,0,0
BRDA:671,55,1,0
BRDA:671,55,2,0
BRDA:679,56,0,0
BRDA:679,56,1,0
BRDA:701,57,0,0
BRDA:701,57,1,0
BRDA:707,58,0,0
BRDA:707,58,1,0
BRDA:715,59,0,0
BRDA:715,59,1,0
BRDA:716,60,0,0
BRDA:716,60,1,0
BRDA:718,61,0,0
BRDA:718,61,1,0
BRDA:732,62,0,0
BRDA:732,62,1,0
BRDA:740,63,0,0
BRDA:740,63,1,0
BRDA:765,64,0,0
BRDA:765,64,1,0
BRDA:765,65,0,0
BRDA:765,65,1,0
BRDA:770,66,0,0
BRDA:770,66,1,0
BRDA:787,67,0,0
BRDA:787,67,1,0
BRDA:798,68,0,0
BRDA:798,68,1,0
BRDA:799,69,0,0
BRDA:799,69,1,0
BRDA:800,70,0,0
BRDA:800,70,1,0
BRDA:801,71,0,0
BRDA:801,71,1,0
BRDA:814,72,0,0
BRDA:814,72,1,0
BRDA:815,73,0,0
BRDA:815,73,1,0
BRDA:817,74,0,0
BRDA:817,74,1,0
BRDA:821,75,0,0
BRDA:821,75,1,0
BRDA:831,76,0,0
BRDA:831,76,1,0
BRDA:841,77,0,0
BRDA:841,77,1,0
BRDA:849,78,0,0
BRDA:849,78,1,0
BRDA:850,79,0,0
BRDA:850,79,1,0
BRDA:854,80,0,0
BRDA:854,80,1,0
BRDA:859,81,0,0
BRDA:859,81,1,0
BRDA:862,82,0,0
BRDA:862,82,1,0
BRDA:873,83,0,0
BRDA:873,83,1,0
BRDA:882,84,0,0
BRDA:882,84,1,0
BRDA:882,84,2,0
BRDA:882,84,3,0
BRDA:895,85,0,0
BRDA:895,85,1,0
BRDA:912,86,0,0
BRDA:912,86,1,0
BRDA:920,87,0,0
BRDA:920,87,1,0
BRDA:928,88,0,0
BRDA:928,88,1,0
BRDA:931,89,0,0
BRDA:931,89,1,0
BRDA:933,90,0,0
BRDA:933,90,1,0
BRDA:941,91,0,0
BRDA:941,91,1,0
BRDA:948,92,0,0
BRDA:948,92,1,0
BRF:180
BRH:0
end_of_record
TN:
SF:src/components/case/CompactCaseFormWrapper.tsx
FN:83,(anonymous_9)
FN:130,(anonymous_10)
FN:142,(anonymous_11)
FN:170,(anonymous_12)
FN:205,(anonymous_13)
FN:231,(anonymous_14)
FN:236,(anonymous_15)
FN:266,(anonymous_16)
FN:270,(anonymous_17)
FN:294,(anonymous_18)
FN:295,(anonymous_19)
FN:298,(anonymous_20)
FN:329,(anonymous_21)
FN:343,(anonymous_22)
FN:364,(anonymous_23)
FN:400,(anonymous_24)
FN:401,(anonymous_25)
FN:424,(anonymous_26)
FN:447,(anonymous_27)
FN:474,(anonymous_28)
FN:513,(anonymous_29)
FN:529,(anonymous_30)
FN:546,(anonymous_31)
FN:564,(anonymous_32)
FN:583,(anonymous_33)
FN:601,(anonymous_34)
FN:624,(anonymous_35)
FN:634,(anonymous_36)
FN:643,(anonymous_37)
FNF:29
FNH:0
FNDA:0,(anonymous_9)
FNDA:0,(anonymous_10)
FNDA:0,(anonymous_11)
FNDA:0,(anonymous_12)
FNDA:0,(anonymous_13)
FNDA:0,(anonymous_14)
FNDA:0,(anonymous_15)
FNDA:0,(anonymous_16)
FNDA:0,(anonymous_17)
FNDA:0,(anonymous_18)
FNDA:0,(anonymous_19)
FNDA:0,(anonymous_20)
FNDA:0,(anonymous_21)
FNDA:0,(anonymous_22)
FNDA:0,(anonymous_23)
FNDA:0,(anonymous_24)
FNDA:0,(anonymous_25)
FNDA:0,(anonymous_26)
FNDA:0,(anonymous_27)
FNDA:0,(anonymous_28)
FNDA:0,(anonymous_29)
FNDA:0,(anonymous_30)
FNDA:0,(anonymous_31)
FNDA:0,(anonymous_32)
FNDA:0,(anonymous_33)
FNDA:0,(anonymous_34)
FNDA:0,(anonymous_35)
FNDA:0,(anonymous_36)
FNDA:0,(anonymous_37)
DA:7,0
DA:8,0
DA:30,0
DA:45,0
DA:46,0
DA:47,0
DA:73,0
DA:83,0
DA:94,0
DA:95,0
DA:96,0
DA:99,0
DA:130,0
DA:131,0
DA:143,0
DA:170,0
DA:205,0
DA:206,0
DA:232,0
DA:237,0
DA:267,0
DA:271,0
DA:294,0
DA:295,0
DA:299,0
DA:329,0
DA:330,0
DA:344,0
DA:365,0
DA:400,0
DA:401,0
DA:424,0
DA:425,0
DA:448,0
DA:449,0
DA:450,0
DA:451,0
DA:453,0
DA:475,0
DA:513,0
DA:514,0
DA:530,0
DA:531,0
DA:532,0
DA:534,0
DA:547,0
DA:548,0
DA:549,0
DA:551,0
DA:565,0
DA:566,0
DA:567,0
DA:569,0
DA:583,0
DA:584,0
DA:586,0
DA:588,0
DA:590,0
DA:592,0
DA:594,0
DA:601,0
DA:602,0
DA:609,0
DA:610,0
DA:611,0
DA:613,0
DA:615,0
DA:616,0
DA:617,0
DA:624,0
DA:625,0
DA:626,0
DA:627,0
DA:634,0
DA:635,0
DA:636,0
DA:643,0
DA:644,0
DA:645,0
DA:646,0
DA:648,0
DA:649,0
DA:653,0
DA:708,0
LF:84
LH:0
BRDA:163,0,0,0
BRDA:163,0,1,0
BRDA:163,1,0,0
BRDA:163,1,1,0
BRDA:164,2,0,0
BRDA:164,2,1,0
BRDA:164,3,0,0
BRDA:164,3,1,0
BRDA:170,4,0,0
BRDA:170,4,1,0
BRDA:172,5,0,0
BRDA:172,5,1,0
BRDA:177,6,0,0
BRDA:177,6,1,0
BRDA:178,7,0,0
BRDA:178,7,1,0
BRDA:178,8,0,0
BRDA:178,8,1,0
BRDA:184,9,0,0
BRDA:184,9,1,0
BRDA:192,10,0,0
BRDA:192,10,1,0
BRDA:228,11,0,0
BRDA:228,11,1,0
BRDA:234,12,0,0
BRDA:234,12,1,0
BRDA:241,13,0,0
BRDA:241,13,1,0
BRDA:242,14,0,0
BRDA:242,14,1,0
BRDA:243,15,0,0
BRDA:243,15,1,0
BRDA:270,16,0,0
BRDA:270,16,1,0
BRDA:292,17,0,0
BRDA:292,17,1,0
BRDA:293,18,0,0
BRDA:293,18,1,0
BRDA:293,19,0,0
BRDA:293,19,1,0
BRDA:339,20,0,0
BRDA:339,20,1,0
BRDA:341,21,0,0
BRDA:341,21,1,0
BRDA:360,22,0,0
BRDA:360,22,1,0
BRDA:362,23,0,0
BRDA:362,23,1,0
BRDA:449,24,0,0
BRDA:449,24,1,0
BRDA:450,25,0,0
BRDA:450,25,1,0
BRDA:458,26,0,0
BRDA:458,26,1,0
BRDA:531,27,0,0
BRDA:531,27,1,0
BRDA:548,28,0,0
BRDA:548,28,1,0
BRDA:566,29,0,0
BRDA:566,29,1,0
BRDA:584,30,0,0
BRDA:584,30,1,0
BRDA:584,30,2,0
BRDA:584,30,3,0
BRDA:584,30,4,0
BRDA:610,31,0,0
BRDA:610,31,1,0
BRDA:626,32,0,0
BRDA:626,32,1,0
BRDA:626,33,0,0
BRDA:626,33,1,0
BRDA:635,34,0,0
BRDA:635,34,1,0
BRDA:683,35,0,0
BRDA:683,35,1,0
BRDA:687,36,0,0
BRDA:687,36,1,0
BRF:77
BRH:0
end_of_record
TN:
SF:src/components/case/ConflictCheckInline.tsx
FN:63,(anonymous_9)
FN:70,(anonymous_10)
FN:99,(anonymous_11)
FN:124,(anonymous_12)
FN:155,(anonymous_13)
FN:170,(anonymous_14)
FN:183,(anonymous_15)
FN:197,(anonymous_16)
FN:209,(anonymous_17)
FN:213,(anonymous_18)
FN:296,(anonymous_19)
FN:350,(anonymous_20)
FN:358,(anonymous_21)
FN:381,(anonymous_22)
FN:403,(anonymous_23)
FN:411,(anonymous_24)
FN:423,(anonymous_25)
FN:424,(anonymous_26)
FN:430,(anonymous_27)
FN:436,(anonymous_28)
FN:447,(anonymous_29)
FN:448,(anonymous_30)
FN:458,(anonymous_31)
FN:505,(anonymous_32)
FN:514,(anonymous_33)
FN:518,(anonymous_34)
FN:528,(anonymous_35)
FN:537,(anonymous_36)
FN:547,(anonymous_37)
FN:557,(anonymous_38)
FN:665,(anonymous_39)
FN:673,(anonymous_40)
FN:713,(anonymous_41)
FN:714,(anonymous_42)
FN:715,(anonymous_43)
FNF:35
FNH:0
FNDA:0,(anonymous_9)
FNDA:0,(anonymous_10)
FNDA:0,(anonymous_11)
FNDA:0,(anonymous_12)
FNDA:0,(anonymous_13)
FNDA:0,(anonymous_14)
FNDA:0,(anonymous_15)
FNDA:0,(anonymous_16)
FNDA:0,(anonymous_17)
FNDA:0,(anonymous_18)
FNDA:0,(anonymous_19)
FNDA:0,(anonymous_20)
FNDA:0,(anonymous_21)
FNDA:0,(anonymous_22)
FNDA:0,(anonymous_23)
FNDA:0,(anonymous_24)
FNDA:0,(anonymous_25)
FNDA:0,(anonymous_26)
FNDA:0,(anonymous_27)
FNDA:0,(anonymous_28)
FNDA:0,(anonymous_29)
FNDA:0,(anonymous_30)
FNDA:0,(anonymous_31)
FNDA:0,(anonymous_32)
FNDA:0,(anonymous_33)
FNDA:0,(anonymous_34)
FNDA:0,(anonymous_35)
FNDA:0,(anonymous_36)
FNDA:0,(anonymous_37)
FNDA:0,(anonymous_38)
FNDA:0,(anonymous_39)
FNDA:0,(anonymous_40)
FNDA:0,(anonymous_41)
FNDA:0,(anonymous_42)
FNDA:0,(anonymous_43)
DA:6,0
DA:7,0
DA:24,0
DA:50,0
DA:55,0
DA:57,0
DA:58,0
DA:63,0
DA:64,0
DA:70,0
DA:71,0
DA:77,0
DA:88,0
DA:99,0
DA:108,0
DA:109,0
DA:124,0
DA:125,0
DA:127,0
DA:129,0
DA:131,0
DA:133,0
DA:137,0
DA:155,0
DA:162,0
DA:163,0
DA:166,0
DA:170,0
DA:172,0
DA:184,0
DA:197,0
DA:207,0
DA:209,0
DA:210,0
DA:213,0
DA:214,0
DA:217,0
DA:296,0
DA:308,0
DA:310,0
DA:311,0
DA:323,0
DA:324,0
DA:336,0
DA:337,0
DA:350,0
DA:351,0
DA:359,0
DA:360,0
DA:367,0
DA:368,0
DA:371,0
DA:381,0
DA:396,0
DA:397,0
DA:398,0
DA:399,0
DA:402,0
DA:403,0
DA:410,0
DA:411,0
DA:418,0
DA:423,0
DA:424,0
DA:425,0
DA:428,0
DA:429,0
DA:430,0
DA:436,0
DA:437,0
DA:438,0
DA:441,0
DA:442,0
DA:443,0
DA:445,0
DA:447,0
DA:448,0
DA:449,0
DA:450,0
DA:451,0
DA:453,0
DA:458,0
DA:460,0
DA:461,0
DA:464,0
DA:477,0
DA:478,0
DA:479,0
DA:480,0
DA:482,0
DA:495,0
DA:496,0
DA:497,0
DA:498,0
DA:505,0
DA:506,0
DA:507,0
DA:510,0
DA:511,0
DA:514,0
DA:515,0
DA:518,0
DA:519,0
DA:520,0
DA:528,0
DA:529,0
DA:530,0
DA:536,0
DA:538,0
DA:546,0
DA:548,0
DA:549,0
DA:557,0
DA:558,0
DA:559,0
DA:577,0
DA:578,0
DA:597,0
DA:598,0
DA:614,0
DA:615,0
DA:626,0
DA:627,0
DA:629,0
DA:666,0
DA:673,0
DA:688,0
DA:697,0
DA:713,0
DA:715,0
DA:737,0
LF:131
LH:0
BRDA:64,0,0,0
BRDA:64,0,1,0
BRDA:71,1,0,0
BRDA:71,1,1,0
BRDA:101,2,0,0
BRDA:102,3,0,0
BRDA:104,4,0,0
BRDA:105,5,0,0
BRDA:108,6,0,0
BRDA:108,6,1,0
BRDA:111,7,0,0
BRDA:111,7,1,0
BRDA:114,8,0,0
BRDA:114,8,1,0
BRDA:115,9,0,0
BRDA:115,9,1,0
BRDA:117,10,0,0
BRDA:117,10,1,0
BRDA:125,11,0,0
BRDA:125,11,1,0
BRDA:125,11,2,0
BRDA:125,11,3,0
BRDA:139,12,0,0
BRDA:139,12,1,0
BRDA:143,13,0,0
BRDA:143,13,1,0
BRDA:159,14,0,0
BRDA:162,15,0,0
BRDA:162,15,1,0
BRDA:173,16,0,0
BRDA:173,16,1,0
BRDA:175,17,0,0
BRDA:175,17,1,0
BRDA:176,18,0,0
BRDA:176,18,1,0
BRDA:178,19,0,0
BRDA:178,19,1,0
BRDA:181,20,0,0
BRDA:181,20,1,0
BRDA:182,21,0,0
BRDA:182,21,1,0
BRDA:204,22,0,0
BRDA:219,23,0,0
BRDA:219,23,1,0
BRDA:225,24,0,0
BRDA:225,24,1,0
BRDA:236,25,0,0
BRDA:236,25,1,0
BRDA:243,26,0,0
BRDA:243,26,1,0
BRDA:251,27,0,0
BRDA:251,27,1,0
BRDA:255,28,0,0
BRDA:255,28,1,0
BRDA:261,29,0,0
BRDA:261,29,1,0
BRDA:265,30,0,0
BRDA:265,30,1,0
BRDA:274,31,0,0
BRDA:274,31,1,0
BRDA:274,31,2,0
BRDA:277,32,0,0
BRDA:277,32,1,0
BRDA:280,33,0,0
BRDA:280,33,1,0
BRDA:282,34,0,0
BRDA:282,34,1,0
BRDA:305,35,0,0
BRDA:310,36,0,0
BRDA:310,36,1,0
BRDA:310,37,0,0
BRDA:310,37,1,0
BRDA:315,38,0,0
BRDA:315,38,1,0
BRDA:323,39,0,0
BRDA:323,39,1,0
BRDA:323,40,0,0
BRDA:323,40,1,0
BRDA:328,41,0,0
BRDA:328,41,1,0
BRDA:336,42,0,0
BRDA:336,42,1,0
BRDA:336,43,0,0
BRDA:336,43,1,0
BRDA:341,44,0,0
BRDA:341,44,1,0
BRDA:355,45,0,0
BRDA:355,45,1,0
BRDA:367,46,0,0
BRDA:367,46,1,0
BRDA:372,47,0,0
BRDA:372,47,1,0
BRDA:373,48,0,0
BRDA:373,48,1,0
BRDA:391,49,0,0
BRDA:393,50,0,0
[...]
FNH:0
FNDA:0,(anonymous_0)
DA:2,0
DA:5,0
DA:6,0
DA:7,0
DA:10,0
DA:13,0
DA:16,0
DA:18,0
LF:8
LH:0
BRF:0
BRH:0
end_of_record
TN:
SF:src/utils/conflictTransform.ts
FN:34,(anonymous_0)
FN:72,(anonymous_1)
FN:80,(anonymous_2)
FN:103,(anonymous_3)
FN:170,(anonymous_4)
FN:171,(anonymous_5)
FN:172,(anonymous_6)
FN:177,(anonymous_7)
FN:184,(anonymous_8)
FN:185,(anonymous_9)
FN:189,isLikelyPartyName
FN:218,(anonymous_11)
FN:248,(anonymous_12)
FN:254,(anonymous_13)
FN:315,(anonymous_14)
FN:351,(anonymous_15)
FN:373,(anonymous_16)
FNF:17
FNH:15
FNDA:14,(anonymous_0)
FNDA:77,(anonymous_1)
FNDA:22,(anonymous_2)
FNDA:9,(anonymous_3)
FNDA:1,(anonymous_4)
FNDA:1,(anonymous_5)
FNDA:0,(anonymous_6)
FNDA:6,(anonymous_7)
FNDA:6,(anonymous_8)
FNDA:6,(anonymous_9)
FNDA:6,isLikelyPartyName
FNDA:96,(anonymous_11)
FNDA:84,(anonymous_12)
FNDA:7,(anonymous_13)
FNDA:3,(anonymous_14)
FNDA:2,(anonymous_15)
FNDA:0,(anonymous_16)
DA:6,1
DA:16,1
DA:34,1
DA:36,14
DA:37,5
DA:38,5
DA:39,5
DA:44,9
DA:45,1
DA:49,8
DA:71,8
DA:73,77
DA:76,8
DA:80,1
DA:81,22
DA:82,1
DA:85,21
DA:86,21
DA:88,21
DA:89,19
DA:93,2
DA:94,0
DA:98,2
DA:99,2
DA:103,1
DA:104,9
DA:105,2
DA:109,7
DA:112,7
DA:114,7
DA:115,7
DA:116,7
DA:117,1
DA:121,6
DA:122,0
DA:123,0
DA:126,6
DA:127,6
DA:130,0
DA:131,0
DA:132,0
DA:133,0
DA:134,0
DA:137,0
DA:145,0
DA:150,0
DA:151,0
DA:156,7
DA:158,1
DA:159,1
DA:162,1
DA:163,6
DA:164,0
DA:165,0
DA:169,1
DA:170,1
DA:171,1
DA:172,0
DA:176,6
DA:179,6
DA:184,6
DA:185,6
DA:190,6
DA:191,0
DA:195,6
DA:217,6
DA:218,96
DA:222,6
DA:223,0
DA:227,6
DA:228,0
DA:232,6
DA:248,84
DA:250,6
DA:254,1
DA:258,7
DA:261,7
DA:262,2
DA:269,7
DA:270,2
DA:277,7
DA:278,2
DA:286,7
DA:287,1
DA:294,7
DA:295,1
DA:303,7
DA:304,1
DA:311,7
DA:315,1
DA:320,3
DA:322,3
DA:323,1
DA:329,2
DA:330,2
DA:331,2
DA:333,2
DA:347,2
DA:351,1
DA:354,2
DA:369,2
DA:373,1
DA:374,0
DA:375,0
DA:376,0
DA:377,0
DA:378,0
DA:379,0
DA:380,0
DA:381,0
DA:382,0
DA:383,0
DA:384,0
DA:385,0
DA:386,0
DA:387,0
LF:116
LH:84
BRDA:36,0,0,5
BRDA:36,0,1,9
BRDA:38,1,0,5
BRDA:38,1,1,0
BRDA:38,2,0,5
BRDA:38,2,1,3
BRDA:44,3,0,1
BRDA:44,3,1,8
BRDA:73,4,0,77
BRDA:73,4,1,72
BRDA:76,5,0,5
BRDA:76,5,1,3
BRDA:81,6,0,1
BRDA:81,6,1,21
BRDA:88,7,0,19
BRDA:88,7,1,2
BRDA:93,8,0,0
BRDA:93,8,1,2
BRDA:104,9,0,2
BRDA:104,9,1,7
BRDA:116,10,0,1
BRDA:116,10,1,6
BRDA:121,11,0,0
BRDA:121,11,1,6
BRDA:126,12,0,6
BRDA:126,12,1,0
BRDA:130,13,0,0
BRDA:130,13,1,0
BRDA:130,14,0,0
BRDA:130,14,1,0
BRDA:132,15,0,0
BRDA:132,15,1,0
BRDA:137,16,0,0
BRDA:137,16,1,0
BRDA:138,17,0,0
BRDA:138,17,1,0
BRDA:138,17,2,0
BRDA:138,17,3,0
BRDA:138,17,4,0
BRDA:138,17,5,0
BRDA:150,18,0,0
BRDA:150,18,1,0
BRDA:156,19,0,1
BRDA:156,19,1,6
BRDA:163,20,0,0
BRDA:163,20,1,6
BRDA:190,21,0,0
BRDA:190,21,1,6
BRDA:190,22,0,6
BRDA:190,22,1,6
BRDA:218,23,0,96
BRDA:218,23,1,95
BRDA:222,24,0,0
BRDA:222,24,1,6
BRDA:227,25,0,0
BRDA:227,25,1,6
BRDA:250,26,0,6
BRDA:250,26,1,5
BRDA:250,26,2,5
BRDA:261,27,0,2
BRDA:261,27,1,5
BRDA:261,28,0,7
BRDA:261,28,1,4
BRDA:261,28,2,3
BRDA:269,29,0,2
BRDA:269,29,1,5
BRDA:269,30,0,7
BRDA:269,30,1,5
BRDA:277,31,0,2
BRDA:277,31,1,5
BRDA:286,32,0,1
BRDA:286,32,1,6
BRDA:286,33,0,7
BRDA:286,33,1,5
BRDA:294,34,0,1
BRDA:294,34,1,6
BRDA:294,35,0,7
BRDA:294,35,1,4
BRDA:303,36,0,1
BRDA:303,36,1,6
BRDA:303,37,0,7
BRDA:303,37,1,3
BRDA:303,37,2,3
BRDA:322,38,0,1
BRDA:322,38,1,2
BRDA:330,39,0,2
BRDA:330,39,1,2
BRDA:330,40,0,2
BRDA:330,40,1,1
BRDA:334,41,0,2
BRDA:334,41,1,2
BRDA:334,41,2,1
BRDA:335,42,0,2
BRDA:335,42,1,1
BRDA:335,42,2,0
BRDA:336,43,0,2
BRDA:336,43,1,0
BRDA:340,44,0,2
BRDA:340,44,1,1
BRDA:342,45,0,2
BRDA:342,45,1,2
BRDA:343,46,0,2
BRDA:343,46,1,1
BRDA:343,46,2,1
BRDA:352,47,0,1
BRDA:374,48,0,0
BRDA:374,48,1,0
BRF:107
BRH:79
end_of_record
TN:
SF:src/utils/debugHelper.ts
FN:10,(anonymous_0)
FN:14,(anonymous_1)
FN:21,(anonymous_2)
FN:23,(anonymous_3)
FN:31,(anonymous_4)
FN:38,(anonymous_5)
FN:69,(anonymous_6)
FN:98,(anonymous_7)
FN:102,(anonymous_8)
FN:106,(anonymous_9)
FN:108,(anonymous_10)
FN:120,(anonymous_11)
FN:131,(anonymous_12)
FN:142,(anonymous_13)
FN:153,(anonymous_14)
FNF:15
FNH:0
FNDA:0,(anonymous_0)
FNDA:0,(anonymous_1)
FNDA:0,(anonymous_2)
FNDA:0,(anonymous_3)
FNDA:0,(anonymous_4)
FNDA:0,(anonymous_5)
FNDA:0,(anonymous_6)
FNDA:0,(anonymous_7)
FNDA:0,(anonymous_8)
FNDA:0,(anonymous_9)
FNDA:0,(anonymous_10)
FNDA:0,(anonymous_11)
FNDA:0,(anonymous_12)
FNDA:0,(anonymous_13)
FNDA:0,(anonymous_14)
DA:6,0
DA:8,0
DA:11,0
DA:15,0
DA:16,0
DA:18,0
DA:23,0
DA:24,0
DA:25,0
DA:27,0
DA:31,0
DA:32,0
DA:33,0
DA:37,0
DA:38,0
DA:39,0
DA:40,0
DA:50,0
DA:62,0
DA:63,0
DA:65,0
DA:70,0
DA:85,0
DA:88,0
DA:89,0
DA:93,0
DA:94,0
DA:99,0
DA:103,0
DA:107,0
DA:109,0
DA:116,0
DA:119,0
DA:121,0
DA:122,0
DA:123,0
DA:125,0
DA:126,0
DA:127,0
DA:132,0
DA:133,0
DA:134,0
DA:136,0
DA:137,0
DA:138,0
DA:143,0
DA:144,0
DA:145,0
DA:147,0
DA:148,0
DA:149,0
DA:154,0
DA:155,0
DA:156,0
DA:158,0
DA:159,0
DA:160,0
LF:57
LH:0
BRDA:15,0,0,0
BRDA:15,0,1,0
BRDA:39,1,0,0
BRDA:39,1,1,0
BRDA:39,2,0,0
BRDA:39,2,1,0
BRDA:62,3,0,0
BRDA:62,3,1,0
BRDA:74,4,0,0
BRDA:74,4,1,0
BRDA:75,5,0,0
BRDA:75,5,1,0
BRDA:76,6,0,0
BRDA:76,6,1,0
BRDA:88,7,0,0
BRDA:88,7,1,0
BRDA:93,8,0,0
BRDA:93,8,1,0
BRDA:98,9,0,0
BRDA:109,10,0,0
BRDA:109,10,1,0
BRF:21
BRH:0
end_of_record
TN:
SF:src/utils/envCheck.ts
FN:7,(anonymous_0)
FN:39,(anonymous_1)
FN:69,(anonymous_2)
FN:86,(anonymous_3)
FN:97,(anonymous_4)
FN:105,(anonymous_5)
FNF:6
FNH:0
FNDA:0,(anonymous_0)
FNDA:0,(anonymous_1)
FNDA:0,(anonymous_2)
FNDA:0,(anonymous_3)
FNDA:0,(anonymous_4)
FNDA:0,(anonymous_5)
DA:3,0
DA:8,0
DA:9,0
DA:17,0
DA:18,0
DA:23,0
DA:29,0
DA:40,0
DA:43,0
DA:44,0
DA:45,0
DA:49,0
DA:50,0
DA:51,0
DA:55,0
DA:56,0
DA:57,0
DA:60,0
DA:70,0
DA:73,0
DA:77,0
DA:87,0
DA:88,0
DA:89,0
DA:91,0
DA:97,0
DA:105,0
DA:110,0
DA:115,0
DA:116,0
DA:117,0
LF:31
LH:0
BRDA:17,0,0,0
BRDA:17,0,1,0
BRDA:31,1,0,0
BRDA:31,1,1,0
BRDA:44,2,0,0
BRDA:44,2,1,0
BRDA:50,3,0,0
BRDA:50,3,1,0
BRDA:50,4,0,0
BRDA:50,4,1,0
BRDA:56,5,0,0
BRDA:56,5,1,0
BRDA:96,6,0,0
BRDA:96,6,1,0
BRDA:100,7,0,0
BRDA:100,7,1,0
BRDA:104,8,0,0
BRDA:104,8,1,0
BRDA:115,9,0,0
BRDA:115,9,1,0
BRF:20
BRH:0
end_of_record
TN:
SF:src/utils/errorHandler.ts
FN:7,(anonymous_0)
FN:19,(anonymous_1)
FN:63,(anonymous_2)
FN:70,(anonymous_3)
FN:83,(anonymous_4)
FN:236,(anonymous_5)
FN:250,(anonymous_6)
FN:261,(anonymous_7)
FN:269,(anonymous_8)
FN:285,(anonymous_9)
FN:315,(anonymous_10)
FN:322,(anonymous_11)
FN:329,(anonymous_12)
FN:340,(anonymous_13)
FN:347,(anonymous_14)
FN:354,(anonymous_15)
FNF:16
FNH:16
FNDA:1,(anonymous_0)
FNDA:1,(anonymous_1)
FNDA:12,(anonymous_2)
FNDA:9,(anonymous_3)
FNDA:9,(anonymous_4)
FNDA:9,(anonymous_5)
FNDA:3,(anonymous_6)
FNDA:1,(anonymous_7)
FNDA:1,(anonymous_8)
FNDA:1,(anonymous_9)
FNDA:9,(anonymous_10)
FNDA:2,(anonymous_11)
FNDA:3,(anonymous_12)
FNDA:1,(anonymous_13)
FNDA:3,(anonymous_14)
FNDA:1,(anonymous_15)
DA:7,1
DA:8,1
DA:9,1
DA:10,1
DA:11,1
DA:12,1
DA:13,1
DA:14,1
DA:15,1
DA:19,1
DA:20,1
DA:21,1
DA:22,1
DA:23,1
DA:49,1
DA:60,1
DA:61,12
DA:64,12
DA:71,9
DA:73,9
DA:74,1
DA:77,9
DA:84,9
DA:85,9
DA:88,9
DA:89,1
DA:103,8
DA:104,5
DA:105,5
DA:107,5
DA:109,1
DA:122,1
DA:135,1
DA:148,1
DA:161,0
DA:177,1
DA:190,0
DA:205,3
DA:206,1
DA:220,2
DA:237,9
DA:251,3
DA:262,1
DA:263,0
DA:267,1
DA:268,1
DA:269,1
DA:271,1
DA:275,0
DA:276,0
DA:279,0
DA:286,1
DA:296,1
DA:298,1
DA:299,1
DA:301,0
DA:302,0
DA:304,0
DA:305,0
DA:307,0
DA:308,0
DA:316,9
DA:323,2
DA:330,3
DA:335,1
DA:340,1
DA:341,1
DA:347,1
DA:348,3
DA:354,1
DA:355,1
LF:71
LH:59
BRDA:7,0,0,1
BRDA:7,0,1,1
BRDA:19,1,0,1
BRDA:19,1,1,1
BRDA:63,2,0,1
BRDA:73,3,0,1
BRDA:73,3,1,8
BRDA:88,4,0,1
BRDA:88,4,1,8
BRDA:93,5,0,1
BRDA:93,5,1,0
BRDA:103,6,0,5
BRDA:103,6,1,3
BRDA:107,7,0,1
BRDA:107,7,1,1
BRDA:107,7,2,1
BRDA:107,7,3,1
BRDA:107,7,4,0
BRDA:107,7,5,1
BRDA:107,7,6,1
BRDA:107,7,7,1
BRDA:107,7,8,1
BRDA:107,7,9,0
BRDA:113,8,0,1
BRDA:113,8,1,0
BRDA:194,9,0,0
BRDA:194,9,1,0
BRDA:205,10,0,1
BRDA:205,10,1,2
BRDA:224,11,0,2
BRDA:224,11,1,0
BRDA:238,12,0,9
BRDA:238,12,1,8
BRDA:238,12,2,8
BRDA:238,12,3,8
BRDA:238,12,4,8
BRDA:238,12,5,8
BRDA:252,13,0,3
BRDA:252,13,1,2
BRDA:252,13,2,2
BRDA:262,14,0,0
BRDA:262,14,1,1
BRDA:262,15,0,1
BRDA:262,15,1,1
BRDA:267,16,0,1
BRDA:267,16,1,0
BRDA:267,17,0,1
BRDA:267,17,1,1
BRDA:275,18,0,0
BRDA:275,18,1,0
BRDA:275,19,0,0
BRDA:275,19,1,0
BRDA:296,20,0,1
BRDA:296,20,1,0
BRDA:296,20,2,0
BRDA:296,20,3,0
BRDA:348,21,0,3
BRDA:348,21,1,2
BRF:58
BRH:42
end_of_record
TN:
SF:src/utils/financeStatus.ts
FN:13,(anonymous_1)
FN:38,(anonymous_2)
FN:48,(anonymous_3)
FN:58,(anonymous_4)
FN:76,(anonymous_5)
FN:90,(anonymous_6)
FN:130,(anonymous_7)
FN:144,(anonymous_8)
FN:168,(anonymous_9)
FN:183,(anonymous_10)
FN:208,(anonymous_11)
FN:221,(anonymous_12)
FN:246,(anonymous_13)
FNF:13
FNH:0
FNDA:0,(anonymous_1)
FNDA:0,(anonymous_2)
FNDA:0,(anonymous_3)
FNDA:0,(anonymous_4)
FNDA:0,(anonymous_5)
FNDA:0,(anonymous_6)
FNDA:0,(anonymous_7)
FNDA:0,(anonymous_8)
FNDA:0,(anonymous_9)
FNDA:0,(anonymous_10)
FNDA:0,(anonymous_11)
FNDA:0,(anonymous_12)
FNDA:0,(anonymous_13)
DA:1,0
DA:6,0
DA:14,0
DA:15,0
DA:16,0
DA:19,0
DA:20,0
DA:24,0
DA:25,0
DA:29,0
DA:39,0
DA:49,0
DA:59,0
DA:60,0
DA:63,0
DA:64,0
DA:67,0
DA:68,0
DA:77,0
DA:82,0
DA:95,0
DA:96,0
DA:98,0
DA:99,0
DA:100,0
DA:101,0
DA:102,0
DA:104,0
DA:105,0
DA:106,0
DA:108,0
DA:109,0
DA:110,0
DA:111,0
DA:112,0
DA:113,0
DA:115,0
DA:124,0
DA:131,0
DA:136,0
DA:149,0
DA:150,0
DA:151,0
DA:152,0
DA:154,0
DA:162,0
DA:176,0
DA:183,0
DA:184,0
DA:186,0
DA:187,0
DA:189,0
DA:190,0
DA:192,0
DA:193,0
DA:195,0
DA:196,0
DA:200,0
DA:214,0
DA:221,0
DA:222,0
DA:224,0
DA:226,0
DA:227,0
DA:229,0
DA:230,0
DA:232,0
DA:233,0
DA:237,0
DA:250,0
DA:251,0
DA:253,0
DA:260,0
LF:73
LH:0
BRDA:16,0,0,0
BRDA:16,0,1,0
BRDA:19,1,0,0
BRDA:19,1,1,0
BRDA:24,2,0,0
BRDA:24,2,1,0
BRDA:59,3,0,0
BRDA:59,3,1,0
BRDA:67,4,0,0
BRDA:67,4,1,0
BRDA:98,5,0,0
BRDA:98,5,1,0
BRDA:100,6,0,0
BRDA:100,6,1,0
BRDA:108,7,0,0
BRDA:108,7,1,0
BRDA:110,8,0,0
BRDA:110,8,1,0
BRDA:112,9,0,0
BRDA:112,9,1,0
BRDA:149,10,0,0
BRDA:149,10,1,0
BRDA:149,11,0,0
BRDA:149,11,1,0
BRDA:149,11,2,0
BRDA:151,12,0,0
BRDA:151,12,1,0
BRDA:187,13,0,0
BRDA:187,13,1,0
BRDA:187,13,2,0
BRDA:224,14,0,0
BRDA:224,14,1,0
BRDA:224,14,2,0
BRDA:251,15,0,0
BRDA:251,15,1,0
BRF:35
BRH:0
end_of_record
TN:
SF:src/utils/formValidation.ts
FN:24,(anonymous_0)
FN:36,(anonymous_1)
FN:49,(anonymous_2)
FN:62,(anonymous_3)
FN:75,(anonymous_4)
FN:91,(anonymous_5)
FN:103,(anonymous_6)
FN:116,(anonymous_7)
FN:129,(anonymous_8)
FN:149,validateField
FN:173,validateForm
FN:206,createAntdRules
FN:215,(anonymous_12)
FN:237,(anonymous_13)
FN:263,(anonymous_14)
FN:272,(anonymous_15)
FNF:16
FNH:0
FNDA:0,(anonymous_0)
FNDA:0,(anonymous_1)
FNDA:0,(anonymous_2)
FNDA:0,(anonymous_3)
FNDA:0,(anonymous_4)
FNDA:0,(anonymous_5)
FNDA:0,(anonymous_6)
FNDA:0,(anonymous_7)
FNDA:0,(anonymous_8)
FNDA:0,validateField
FNDA:0,validateForm
FNDA:0,createAntdRules
FNDA:0,(anonymous_12)
FNDA:0,(anonymous_13)
FNDA:0,(anonymous_14)
FNDA:0,(anonymous_15)
DA:23,0
DA:26,0
DA:30,0
DA:37,0
DA:38,0
DA:41,0
DA:42,0
DA:43,0
DA:50,0
DA:51,0
DA:54,0
DA:55,0
DA:56,0
DA:63,0
DA:64,0
DA:67,0
DA:68,0
DA:69,0
DA:76,0
DA:77,0
DA:80,0
DA:81,0
DA:82,0
DA:84,0
DA:92,0
DA:93,0
DA:96,0
DA:97,0
DA:104,0
DA:105,0
DA:108,0
DA:109,0
DA:110,0
DA:117,0
DA:118,0
DA:121,0
DA:122,0
DA:123,0
DA:130,0
DA:131,0
DA:134,0
DA:135,0
DA:136,0
DA:149,0
DA:150,0
DA:151,0
DA:154,0
DA:155,0
DA:156,0
DA:157,0
DA:158,0
DA:159,0
DA:164,0
DA:173,0
DA:181,0
DA:182,0
DA:184,0
DA:185,0
DA:186,0
DA:188,0
DA:189,0
DA:190,0
DA:194,0
DA:206,0
DA:215,0
DA:216,0
DA:218,0
DA:220,0
DA:221,0
DA:222,0
DA:225,0
DA:226,0
DA:227,0
DA:230,0
DA:231,0
DA:232,0
DA:235,0
DA:236,0
DA:237,0
DA:238,0
DA:239,0
DA:240,0
DA:243,0
DA:246,0
DA:247,0
DA:248,0
DA:249,0
DA:252,0
DA:253,0
DA:254,0
DA:255,0
DA:258,0
DA:259,0
DA:260,0
DA:263,0
DA:264,0
DA:265,0
DA:266,0
DA:269,0
DA:272,0
DA:273,0
DA:274,0
DA:275,0
DA:278,0
DA:281,0
DA:284,0
DA:291,0
LF:107
LH:0
BRDA:26,0,0,0
BRDA:26,0,1,0
BRDA:26,0,2,0
BRDA:26,0,3,0
BRDA:29,1,0,0
BRDA:29,1,1,0
BRDA:32,2,0,0
BRDA:32,2,1,0
BRDA:37,3,0,0
BRDA:37,3,1,0
BRDA:45,4,0,0
BRDA:45,4,1,0
BRDA:50,5,0,0
BRDA:50,5,1,0
BRDA:58,6,0,0
BRDA:58,6,1,0
BRDA:63,7,0,0
BRDA:63,7,1,0
BRDA:71,8,0,0
BRDA:71,8,1,0
BRDA:76,9,0,0
BRDA:76,9,1,0
BRDA:86,10,0,0
BRDA:86,10,1,0
BRDA:92,11,0,0
BRDA:92,11,1,0
BRDA:92,12,0,0
BRDA:92,12,1,0
BRDA:92,12,2,0
BRDA:99,13,0,0
BRDA:99,13,1,0
BRDA:104,14,0,0
BRDA:104,14,1,0
BRDA:104,15,0,0
BRDA:104,15,1,0
BRDA:104,15,2,0
BRDA:109,16,0,0
BRDA:109,16,1,0
BRDA:112,17,0,0
BRDA:112,17,1,0
BRDA:117,18,0,0
BRDA:117,18,1,0
BRDA:117,19,0,0
BRDA:117,19,1,0
BRDA:117,19,2,0
BRDA:122,20,0,0
BRDA:122,20,1,0
BRDA:125,21,0,0
BRDA:125,21,1,0
BRDA:130,22,0,0
BRDA:130,22,1,0
BRDA:138,23,0,0
BRDA:138,23,1,0
BRDA:150,24,0,0
BRDA:150,24,1,0
BRDA:150,25,0,0
BRDA:150,25,1,0
BRDA:156,26,0,0
BRDA:156,26,1,0
BRDA:158,27,0,0
BRDA:158,27,1,0
BRDA:188,28,0,0
BRDA:188,28,1,0
BRDA:189,29,0,0
BRDA:189,29,1,0
BRDA:218,30,0,0
BRDA:218,30,1,0
BRDA:218,30,2,0
BRDA:218,30,3,0
BRDA:218,30,4,0
BRDA:218,30,5,0
BRDA:218,30,6,0
BRDA:218,30,7,0
BRDA:218,30,8,0
BRDA:218,30,9,0
BRDA:221,31,0,0
BRDA:221,31,1,0
BRDA:226,32,0,0
BRDA:226,32,1,0
BRDA:231,33,0,0
BRDA:231,33,1,0
BRDA:236,34,0,0
BRDA:236,34,1,0
BRDA:239,35,0,0
BRDA:239,35,1,0
BRDA:247,36,0,0
BRDA:247,36,1,0
BRDA:253,37,0,0
BRDA:253,37,1,0
BRDA:259,38,0,0
BRDA:259,38,1,0
BRDA:265,39,0,0
BRDA:265,39,1,0
BRDA:274,40,0,0
BRDA:274,40,1,0
BRF:95
BRH:0
end_of_record
TN:
SF:src/utils/format.ts
FN:11,formatDate
FN:25,(anonymous_1)
FN:44,formatAmount
FN:78,formatPhone
FN:91,formatFileSize
FNF:5
FNH:0
FNDA:0,formatDate
FNDA:0,(anonymous_1)
FNDA:0,formatAmount
FNDA:0,formatPhone
FNDA:0,formatFileSize
DA:11,0
DA:12,0
DA:14,0
DA:15,0
DA:18,0
DA:19,0
DA:20,0
DA:21,0
DA:22,0
DA:23,0
DA:25,0
DA:27,0
DA:44,0
DA:50,0
DA:51,0
DA:54,0
DA:56,0
DA:57,0
DA:60,0
DA:61,0
DA:62,0
DA:63,0
DA:66,0
DA:68,0
DA:78,0
DA:79,0
DA:80,0
DA:83,0
DA:91,0
DA:92,0
DA:93,0
DA:96,0
DA:97,0
DA:98,0
DA:100,0
LF:35
LH:0
BRDA:11,0,0,0
BRDA:14,1,0,0
BRDA:14,1,1,0
BRDA:25,2,0,0
BRDA:25,2,1,0
BRDA:46,3,0,0
BRDA:47,4,0,0
BRDA:48,5,0,0
BRDA:50,6,0,0
BRDA:50,6,1,0
BRDA:50,7,0,0
BRDA:50,7,1,0
BRDA:56,8,0,0
BRDA:56,8,1,0
BRDA:63,9,0,0
BRDA:63,9,1,0
BRDA:68,10,0,0
BRDA:68,10,1,0
BRDA:79,11,0,0
BRDA:79,11,1,0
BRDA:79,12,0,0
BRDA:79,12,1,0
BRDA:92,13,0,0
BRDA:92,13,1,0
BRF:24
BRH:0
end_of_record
TN:
SF:src/utils/messageHelper.ts
FN:10,(anonymous_0)
FN:16,(anonymous_1)
FN:30,(anonymous_2)
FN:44,(anonymous_3)
FN:58,(anonymous_4)
FN:72,(anonymous_5)
FN:80,(anonymous_6)
FN:84,(anonymous_7)
FNF:8
FNH:0
FNDA:0,(anonymous_0)
FNDA:0,(anonymous_1)
FNDA:0,(anonymous_2)
FNDA:0,(anonymous_3)
FNDA:0,(anonymous_4)
FNDA:0,(anonymous_5)
FNDA:0,(anonymous_6)
FNDA:0,(anonymous_7)
DA:7,0
DA:10,0
DA:11,0
DA:15,0
DA:17,0
DA:18,0
DA:19,0
DA:21,0
DA:22,0
DA:26,0
DA:31,0
DA:32,0
DA:33,0
DA:35,0
DA:36,0
DA:40,0
DA:45,0
DA:46,0
DA:47,0
DA:49,0
DA:50,0
DA:54,0
DA:59,0
DA:60,0
DA:61,0
DA:63,0
DA:64,0
DA:68,0
DA:73,0
DA:74,0
DA:75,0
DA:77,0
DA:78,0
DA:80,0
DA:84,0
DA:90,0
LF:36
LH:0
BRDA:17,0,0,0
BRDA:17,0,1,0
BRDA:17,1,0,0
BRDA:17,1,1,0
BRDA:31,2,0,0
BRDA:31,2,1,0
BRDA:31,3,0,0
BRDA:31,3,1,0
BRDA:45,4,0,0
BRDA:45,4,1,0
BRDA:45,5,0,0
BRDA:45,5,1,0
BRDA:59,6,0,0
BRDA:59,6,1,0
BRDA:59,7,0,0
BRDA:59,7,1,0
BRDA:73,8,0,0
BRDA:73,8,1,0
BRDA:73,9,0,0
BRDA:73,9,1,0
BRF:20
BRH:0
end_of_record
TN:
SF:src/utils/performance.ts
FN:28,(anonymous_0)
FN:36,(anonymous_1)
FN:38,(anonymous_2)
FN:50,(anonymous_3)
FN:60,(anonymous_4)
FN:74,(anonymous_5)
FN:78,(anonymous_6)
FN:88,(anonymous_7)
FN:93,(anonymous_8)
FN:94,(anonymous_9)
FN:95,(anonymous_10)
FN:96,(anonymous_11)
FN:114,(anonymous_12)
FN:125,(anonymous_13)
FN:143,(anonymous_14)
FN:150,(anonymous_15)
FN:155,(anonymous_16)
FN:156,(anonymous_17)
FN:173,(anonymous_18)
FN:208,(anonymous_19)
FN:242,(anonymous_20)
FN:243,(anonymous_21)
FN:250,usePerformanceMonitor
FN:251,(anonymous_23)
FN:255,(anonymous_24)
FN:257,(anonymous_25)
FN:268,(anonymous_26)
FN:272,(anonymous_27)
FN:277,(anonymous_28)
FN:278,(anonymous_29)
FN:295,(anonymous_30)
FN:302,(anonymous_31)
FN:308,(anonymous_32)
FN:316,(anonymous_33)
FN:324,(anonymous_34)
FN:337,(anonymous_35)
FNF:36
FNH:0
FNDA:0,(anonymous_0)
FNDA:0,(anonymous_1)
FNDA:0,(anonymous_2)
FNDA:0,(anonymous_3)
FNDA:0,(anonymous_4)
FNDA:0,(anonymous_5)
FNDA:0,(anonymous_6)
FNDA:0,(anonymous_7)
FNDA:0,(anonymous_8)
FNDA:0,(anonymous_9)
FNDA:0,(anonymous_10)
FNDA:0,(anonymous_11)
FNDA:0,(anonymous_12)
FNDA:0,(anonymous_13)
FNDA:0,(anonymous_14)
FNDA:0,(anonymous_15)
FNDA:0,(anonymous_16)
FNDA:0,(anonymous_17)
FNDA:0,(anonymous_18)
FNDA:0,(anonymous_19)
FNDA:0,(anonymous_20)
FNDA:0,(anonymous_21)
FNDA:0,usePerformanceMonitor
FNDA:0,(anonymous_23)
FNDA:0,(anonymous_24)
FNDA:0,(anonymous_25)
FNDA:0,(anonymous_26)
FNDA:0,(anonymous_27)
FNDA:0,(anonymous_28)
FNDA:0,(anonymous_29)
FNDA:0,(anonymous_30)
FNDA:0,(anonymous_31)
FNDA:0,(anonymous_32)
FNDA:0,(anonymous_33)
FNDA:0,(anonymous_34)
FNDA:0,(anonymous_35)
DA:15,0
DA:23,0
DA:24,0
DA:25,0
DA:26,0
DA:29,0
DA:30,0
DA:31,0
DA:38,0
DA:39,0
DA:40,0
DA:41,0
DA:42,0
DA:46,0
DA:47,0
DA:50,0
DA:51,0
DA:52,0
DA:55,0
DA:56,0
DA:61,0
DA:62,0
DA:64,0
DA:65,0
DA:68,0
DA:69,0
DA:75,0
DA:76,0
DA:77,0
DA:78,0
DA:84,0
DA:89,0
DA:92,0
DA:93,0
DA:94,0
DA:95,0
DA:96,0
DA:99,0
DA:100,0
DA:103,0
DA:104,0
DA:106,0
DA:115,0
DA:118,0
DA:119,0
DA:120,0
DA:121,0
DA:126,0
DA:130,0
DA:133,0
DA:135,0
DA:136,0
DA:139,0
DA:144,0
DA:146,0
DA:147,0
DA:148,0
DA:150,0
DA:156,0
DA:160,0
DA:163,0
DA:165,0
DA:166,0
DA:169,0
DA:174,0
DA:176,0
DA:177,0
DA:188,0
DA:195,0
DA:198,0
DA:200,0
DA:201,0
DA:204,0
DA:209,0
DA:211,0
DA:212,0
DA:213,0
DA:214,0
DA:215,0
DA:217,0
DA:218,0
DA:219,0
DA:225,0
DA:226,0
DA:229,0
DA:232,0
DA:234,0
DA:235,0
DA:238,0
DA:243,0
DA:244,0
DA:245,0
DA:250,0
DA:251,0
DA:252,0
DA:253,0
DA:255,0
DA:256,0
DA:257,0
DA:258,0
DA:259,0
DA:260,0
DA:261,0
DA:265,0
DA:268,0
DA:269,0
DA:272,0
DA:273,0
DA:274,0
DA:277,0
DA:278,0
DA:279,0
DA:283,0
DA:293,0
DA:296,0
DA:297,0
DA:298,0
DA:303,0
DA:304,0
DA:309,0
DA:310,0
DA:312,0
DA:317,0
DA:318,0
DA:320,0
DA:325,0
DA:326,0
DA:329,0
DA:337,0
DA:338,0
DA:343,0
LF:131
LH:0
BRDA:28,0,0,0
BRDA:30,1,0,0
BRDA:30,1,1,0
BRDA:41,2,0,0
BRDA:41,2,1,0
BRDA:61,3,0,0
BRDA:61,3,1,0
BRDA:68,4,0,0
BRDA:68,4,1,0
BRDA:258,5,0,0
BRDA:258,5,1,0
BRDA:260,6,0,0
BRDA:260,6,1,0
BRDA:298,7,0,0
BRDA:298,7,1,0
BRDA:298,7,2,0
BRDA:298,7,3,0
BRDA:304,8,0,0
BRDA:304,8,1,0
BRDA:309,9,0,0
BRDA:309,9,1,0
BRDA:317,10,0,0
BRDA:317,10,1,0
BRDA:325,11,0,0
BRDA:325,11,1,0
BRF:25
BRH:0
end_of_record
TN:
SF:src/utils/storage.ts
FN:9,getToken
FN:13,setToken
FN:17,removeToken
FN:24,getUserInfo
FN:29,setUserInfo
FN:33,removeUserInfo
FN:40,getRoles
FN:45,setRoles
FN:49,removeRoles
FN:56,getPermissions
FN:61,setPermissions
FN:65,removePermissions
FN:70,clearStorage
FNF:13
FNH:0
FNDA:0,getToken
FNDA:0,setToken
FNDA:0,removeToken
FNDA:0,getUserInfo
FNDA:0,setUserInfo
FNDA:0,removeUserInfo
FNDA:0,getRoles
FNDA:0,setRoles
FNDA:0,removeRoles
FNDA:0,getPermissions
FNDA:0,setPermissions
FNDA:0,removePermissions
FNDA:0,clearStorage
DA:7,0
DA:9,0
DA:10,0
DA:13,0
DA:14,0
DA:17,0
DA:18,0
DA:22,0
DA:24,0
DA:25,0
DA:26,0
DA:29,0
DA:30,0
DA:33,0
DA:34,0
DA:38,0
DA:40,0
DA:41,0
DA:42,0
DA:45,0
DA:46,0
DA:49,0
DA:50,0
DA:54,0
DA:56,0
DA:57,0
DA:58,0
DA:61,0
DA:62,0
DA:65,0
DA:66,0
DA:70,0
DA:71,0
DA:72,0
DA:73,0
DA:74,0
LF:36
LH:0
BRDA:26,0,0,0
BRDA:26,0,1,0
BRDA:42,1,0,0
BRDA:42,1,1,0
BRDA:58,2,0,0
BRDA:58,2,1,0
BRF:6
BRH:0
end_of_record
TN:
SF:src/utils/tokenCheck.ts
FN:18,checkTokenConsistency
FN:44,checkUserInfoConsistency
FN:65,(anonymous_2)
FNF:3
FNH:0
FNDA:0,checkTokenConsistency
FNDA:0,checkUserInfoConsistency
FNDA:0,(anonymous_2)
DA:6,0
DA:7,0
DA:8,0
DA:18,0
DA:19,0
DA:20,0
DA:21,0
DA:23,0
DA:24,0
DA:25,0
DA:26,0
DA:28,0
DA:29,0
DA:31,0
DA:32,0
DA:35,0
DA:44,0
DA:45,0
DA:46,0
DA:48,0
DA:55,0
DA:56,0
DA:57,0
DA:58,0
DA:60,0
DA:61,0
DA:63,0
DA:64,0
DA:65,0
DA:67,0
DA:69,0
DA:72,0
DA:73,0
LF:33
LH:0
BRDA:24,0,0,0
BRDA:24,0,1,0
BRDA:25,1,0,0
BRDA:25,1,1,0
BRDA:26,2,0,0
BRDA:26,2,1,0
BRDA:28,3,0,0
BRDA:28,3,1,0
BRDA:29,4,0,0
BRDA:29,4,1,0
BRDA:31,5,0,0
BRDA:31,5,1,0
BRDA:49,6,0,0
BRDA:49,6,1,0
BRDA:55,7,0,0
BRDA:55,7,1,0
BRDA:61,8,0,0
BRDA:61,8,1,0
BRDA:63,9,0,0
BRDA:63,9,1,0
BRF:20
BRH:0
end_of_record
